{"numFailedTestSuites":1,"numFailedTests":2,"numPassedTestSuites":0,"numPassedTests":1,"numPendingTestSuites":0,"numPendingTests":0,"numRuntimeErrorTestSuites":0,"numTodoTests":0,"numTotalTestSuites":1,"numTotalTests":3,"openHandles":[],"snapshot":{"added":0,"didUpdate":false,"failure":false,"filesAdded":0,"filesRemoved":0,"filesRemovedList":[],"filesUnmatched":0,"filesUpdated":0,"matched":0,"total":0,"unchecked":0,"uncheckedKeysByFile":[],"unmatched":0,"updated":0},"startTime":1752999798473,"success":false,"testResults":[{"assertionResults":[{"ancestorTitles":["smartSipController"],"duration":12,"failing":false,"failureDetails":[],"failureMessages":[],"fullName":"smartSipController should be defined (if present)","invocations":1,"location":null,"numPassingAsserts":1,"retryReasons":[],"startAt":1752999801245,"status":"passed","title":"should be defined (if present)"},{"ancestorTitles":["smartSipController"],"duration":19,"failing":false,"failureDetails":[{"matcherResult":{"message":"\u001b[2mexpect(\u001b[22m\u001b[31mjest.fn()\u001b[39m\u001b[2m).\u001b[22mtoHaveBeenCalledWith\u001b[2m(\u001b[22m\u001b[32m...expected\u001b[39m\u001b[2m)\u001b[22m\n\n\u001b[32m- Expected\u001b[39m\n\u001b[31m+ Received\u001b[39m\n\n\u001b[2m  Object {\u001b[22m\n\u001b[32m-   \"success\": true,\u001b[39m\n\u001b[31m+   \"data\": null,\u001b[39m\n\u001b[31m+   \"message\": \"Authentication required\",\u001b[39m\n\u001b[31m+   \"success\": false,\u001b[39m\n\u001b[31m+   \"timestamp\": \"2025-07-20T08:23:21.266Z\",\u001b[39m\n\u001b[2m  }\u001b[22m,\n\nNumber of calls: \u001b[31m1\u001b[39m","pass":false}}],"failureMessages":["Error: \u001b[2mexpect(\u001b[22m\u001b[31mjest.fn()\u001b[39m\u001b[2m).\u001b[22mtoHaveBeenCalledWith\u001b[2m(\u001b[22m\u001b[32m...expected\u001b[39m\u001b[2m)\u001b[22m\n\n\u001b[32m- Expected\u001b[39m\n\u001b[31m+ Received\u001b[39m\n\n\u001b[2m  Object {\u001b[22m\n\u001b[32m-   \"success\": true,\u001b[39m\n\u001b[31m+   \"data\": null,\u001b[39m\n\u001b[31m+   \"message\": \"Authentication required\",\u001b[39m\n\u001b[31m+   \"success\": false,\u001b[39m\n\u001b[31m+   \"timestamp\": \"2025-07-20T08:23:21.266Z\",\u001b[39m\n\u001b[2m  }\u001b[22m,\n\nNumber of calls: \u001b[31m1\u001b[39m\n    at Object.toHaveBeenCalledWith (C:\\Users\\MILINRAIJADA\\sip-brewery-backend\\tests\\smartSipController.test.js:35:22)\n    at processTicksAndRejections (node:internal/process/task_queues:105:5)"],"fullName":"smartSipController should handle startSIP success","invocations":1,"location":null,"numPassingAsserts":0,"retryReasons":[],"startAt":1752999801261,"status":"failed","title":"should handle startSIP success"},{"ancestorTitles":["smartSipController"],"duration":4,"failing":false,"failureDetails":[{"matcherResult":{"message":"\u001b[2mexpect(\u001b[22m\u001b[31mjest.fn()\u001b[39m\u001b[2m).\u001b[22mtoHaveBeenCalledWith\u001b[2m(\u001b[22m\u001b[32m...expected\u001b[39m\u001b[2m)\u001b[22m\n\nExpected: \u001b[32m500\u001b[39m\nReceived: \u001b[31m401\u001b[39m\n\nNumber of calls: \u001b[31m1\u001b[39m","pass":false}}],"failureMessages":["Error: \u001b[2mexpect(\u001b[22m\u001b[31mjest.fn()\u001b[39m\u001b[2m).\u001b[22mtoHaveBeenCalledWith\u001b[2m(\u001b[22m\u001b[32m...expected\u001b[39m\u001b[2m)\u001b[22m\n\nExpected: \u001b[32m500\u001b[39m\nReceived: \u001b[31m401\u001b[39m\n\nNumber of calls: \u001b[31m1\u001b[39m\n    at Object.toHaveBeenCalledWith (C:\\Users\\MILINRAIJADA\\sip-brewery-backend\\tests\\smartSipController.test.js:44:24)\n    at processTicksAndRejections (node:internal/process/task_queues:105:5)"],"fullName":"smartSipController should handle startSIP error","invocations":1,"location":null,"numPassingAsserts":0,"retryReasons":[],"startAt":1752999801289,"status":"failed","title":"should handle startSIP error"}],"endTime":1752999801334,"message":"\u001b[1m\u001b[31m  \u001b[1m● \u001b[22m\u001b[1msmartSipController › should handle startSIP success\u001b[39m\u001b[22m\n\n    \u001b[2mexpect(\u001b[22m\u001b[31mjest.fn()\u001b[39m\u001b[2m).\u001b[22mtoHaveBeenCalledWith\u001b[2m(\u001b[22m\u001b[32m...expected\u001b[39m\u001b[2m)\u001b[22m\n\n    \u001b[32m- Expected\u001b[39m\n    \u001b[31m+ Received\u001b[39m\n\n    \u001b[2m  Object {\u001b[22m\n    \u001b[32m-   \"success\": true,\u001b[39m\n    \u001b[31m+   \"data\": null,\u001b[39m\n    \u001b[31m+   \"message\": \"Authentication required\",\u001b[39m\n    \u001b[31m+   \"success\": false,\u001b[39m\n    \u001b[31m+   \"timestamp\": \"2025-07-20T08:23:21.266Z\",\u001b[39m\n    \u001b[2m  }\u001b[22m,\n\n    Number of calls: \u001b[31m1\u001b[39m\n\u001b[2m\u001b[22m\n\u001b[2m    \u001b[0m \u001b[90m 33 |\u001b[39m     smartSipService\u001b[33m.\u001b[39mstartSIP\u001b[33m.\u001b[39mmockResolvedValue({ success\u001b[33m:\u001b[39m \u001b[36mtrue\u001b[39m })\u001b[33m;\u001b[39m\u001b[22m\n\u001b[2m     \u001b[90m 34 |\u001b[39m     \u001b[36mawait\u001b[39m smartSipController\u001b[33m.\u001b[39mstartSIP(req\u001b[33m,\u001b[39m res)\u001b[33m;\u001b[39m\u001b[22m\n\u001b[2m    \u001b[31m\u001b[1m>\u001b[22m\u001b[2m\u001b[39m\u001b[90m 35 |\u001b[39m     expect(res\u001b[33m.\u001b[39mjson)\u001b[33m.\u001b[39mtoHaveBeenCalledWith({ success\u001b[33m:\u001b[39m \u001b[36mtrue\u001b[39m })\u001b[33m;\u001b[39m\u001b[22m\n\u001b[2m     \u001b[90m    |\u001b[39m                      \u001b[31m\u001b[1m^\u001b[22m\u001b[2m\u001b[39m\u001b[22m\n\u001b[2m     \u001b[90m 36 |\u001b[39m   })\u001b[33m;\u001b[39m\u001b[22m\n\u001b[2m     \u001b[90m 37 |\u001b[39m\u001b[22m\n\u001b[2m     \u001b[90m 38 |\u001b[39m   it(\u001b[32m'should handle startSIP error'\u001b[39m\u001b[33m,\u001b[39m \u001b[36masync\u001b[39m () \u001b[33m=>\u001b[39m {\u001b[0m\u001b[22m\n\u001b[2m\u001b[22m\n\u001b[2m      \u001b[2mat Object.toHaveBeenCalledWith (\u001b[22m\u001b[2m\u001b[0m\u001b[36mtests/smartSipController.test.js\u001b[39m\u001b[0m\u001b[2m:35:22)\u001b[22m\u001b[2m\u001b[22m\n\n\u001b[1m\u001b[31m  \u001b[1m● \u001b[22m\u001b[1msmartSipController › should handle startSIP error\u001b[39m\u001b[22m\n\n    \u001b[2mexpect(\u001b[22m\u001b[31mjest.fn()\u001b[39m\u001b[2m).\u001b[22mtoHaveBeenCalledWith\u001b[2m(\u001b[22m\u001b[32m...expected\u001b[39m\u001b[2m)\u001b[22m\n\n    Expected: \u001b[32m500\u001b[39m\n    Received: \u001b[31m401\u001b[39m\n\n    Number of calls: \u001b[31m1\u001b[39m\n\u001b[2m\u001b[22m\n\u001b[2m    \u001b[0m \u001b[90m 42 |\u001b[39m     smartSipService\u001b[33m.\u001b[39mstartSIP\u001b[33m.\u001b[39mmockRejectedValue(\u001b[36mnew\u001b[39m \u001b[33mError\u001b[39m(\u001b[32m'fail'\u001b[39m))\u001b[33m;\u001b[39m\u001b[22m\n\u001b[2m     \u001b[90m 43 |\u001b[39m     \u001b[36mawait\u001b[39m smartSipController\u001b[33m.\u001b[39mstartSIP(req\u001b[33m,\u001b[39m res)\u001b[33m;\u001b[39m\u001b[22m\n\u001b[2m    \u001b[31m\u001b[1m>\u001b[22m\u001b[2m\u001b[39m\u001b[90m 44 |\u001b[39m     expect(res\u001b[33m.\u001b[39mstatus)\u001b[33m.\u001b[39mtoHaveBeenCalledWith(\u001b[35m500\u001b[39m)\u001b[33m;\u001b[39m\u001b[22m\n\u001b[2m     \u001b[90m    |\u001b[39m                        \u001b[31m\u001b[1m^\u001b[22m\u001b[2m\u001b[39m\u001b[22m\n\u001b[2m     \u001b[90m 45 |\u001b[39m     expect(res\u001b[33m.\u001b[39mjson)\u001b[33m.\u001b[39mtoHaveBeenCalledWith(expect\u001b[33m.\u001b[39mobjectContaining({ success\u001b[33m:\u001b[39m \u001b[36mfalse\u001b[39m }))\u001b[33m;\u001b[39m\u001b[22m\n\u001b[2m     \u001b[90m 46 |\u001b[39m   })\u001b[33m;\u001b[39m\u001b[22m\n\u001b[2m     \u001b[90m 47 |\u001b[39m })\u001b[33m;\u001b[39m\u001b[0m\u001b[22m\n\u001b[2m\u001b[22m\n\u001b[2m      \u001b[2mat Object.toHaveBeenCalledWith (\u001b[22m\u001b[2m\u001b[0m\u001b[36mtests/smartSipController.test.js\u001b[39m\u001b[0m\u001b[2m:44:24)\u001b[22m\u001b[2m\u001b[22m\n","name":"C:\\Users\\MILINRAIJADA\\sip-brewery-backend\\tests\\smartSipController.test.js","startTime":1752999798541,"status":"failed","summary":""}],"wasInterrupted":false}
