TN:
SF:src\app.js
FN:34,(anonymous_0)
FN:44,(anonymous_1)
FN:88,(anonymous_2)
FN:121,(anonymous_3)
FN:131,(anonymous_4)
FN:140,(anonymous_5)
FN:142,(anonymous_6)
FN:161,(anonymous_7)
FN:210,(anonymous_8)
FN:239,(anonymous_9)
FN:241,(anonymous_10)
FN:247,(anonymous_11)
FN:258,(anonymous_12)
FN:269,(anonymous_13)
FN:280,(anonymous_14)
FN:291,(anonymous_15)
FN:302,(anonymous_16)
FN:313,(anonymous_17)
FN:319,(anonymous_18)
FN:330,(anonymous_19)
FN:339,(anonymous_20)
FN:349,(anonymous_21)
FN:351,(anonymous_22)
FN:363,(anonymous_23)
FN:391,(anonymous_24)
FN:393,(anonymous_25)
FN:417,(anonymous_26)
FN:418,(anonymous_27)
FN:430,(anonymous_28)
FN:434,(anonymous_29)
FN:449,(anonymous_30)
FN:450,(anonymous_31)
FNF:32
FNH:0
FNDA:0,(anonymous_0)
FNDA:0,(anonymous_1)
FNDA:0,(anonymous_2)
FNDA:0,(anonymous_3)
FNDA:0,(anonymous_4)
FNDA:0,(anonymous_5)
FNDA:0,(anonymous_6)
FNDA:0,(anonymous_7)
FNDA:0,(anonymous_8)
FNDA:0,(anonymous_9)
FNDA:0,(anonymous_10)
FNDA:0,(anonymous_11)
FNDA:0,(anonymous_12)
FNDA:0,(anonymous_13)
FNDA:0,(anonymous_14)
FNDA:0,(anonymous_15)
FNDA:0,(anonymous_16)
FNDA:0,(anonymous_17)
FNDA:0,(anonymous_18)
FNDA:0,(anonymous_19)
FNDA:0,(anonymous_20)
FNDA:0,(anonymous_21)
FNDA:0,(anonymous_22)
FNDA:0,(anonymous_23)
FNDA:0,(anonymous_24)
FNDA:0,(anonymous_25)
FNDA:0,(anonymous_26)
FNDA:0,(anonymous_27)
FNDA:0,(anonymous_28)
FNDA:0,(anonymous_29)
FNDA:0,(anonymous_30)
FNDA:0,(anonymous_31)
DA:1,0
DA:2,0
DA:3,0
DA:4,0
DA:5,0
DA:6,0
DA:7,0
DA:10,0
DA:13,0
DA:14,0
DA:15,0
DA:16,0
DA:17,0
DA:18,0
DA:19,0
DA:20,0
DA:21,0
DA:22,0
DA:23,0
DA:24,0
DA:27,0
DA:28,0
DA:31,0
DA:35,0
DA:36,0
DA:37,0
DA:38,0
DA:45,0
DA:46,0
DA:49,0
DA:50,0
DA:51,0
DA:52,0
DA:54,0
DA:58,0
DA:59,0
DA:62,0
DA:63,0
DA:66,0
DA:67,0
DA:70,0
DA:71,0
DA:74,0
DA:75,0
DA:77,0
DA:78,0
DA:80,0
DA:81,0
DA:90,0
DA:102,0
DA:108,0
DA:115,0
DA:118,0
DA:121,0
DA:124,0
DA:125,0
DA:128,0
DA:131,0
DA:132,0
DA:133,0
DA:142,0
DA:143,0
DA:144,0
DA:145,0
DA:153,0
DA:161,0
DA:162,0
DA:193,0
DA:194,0
DA:195,0
DA:196,0
DA:197,0
DA:198,0
DA:199,0
DA:200,0
DA:201,0
DA:202,0
DA:203,0
DA:204,0
DA:207,0
DA:210,0
DA:211,0
DA:233,0
DA:241,0
DA:242,0
DA:243,0
DA:247,0
DA:248,0
DA:249,0
DA:250,0
DA:251,0
DA:253,0
DA:258,0
DA:259,0
DA:260,0
DA:261,0
DA:262,0
DA:264,0
DA:269,0
DA:270,0
DA:271,0
DA:272,0
DA:273,0
DA:275,0
DA:280,0
DA:281,0
DA:282,0
DA:283,0
DA:284,0
DA:286,0
DA:291,0
DA:292,0
DA:293,0
DA:294,0
DA:295,0
DA:297,0
DA:302,0
DA:303,0
DA:304,0
DA:305,0
DA:306,0
DA:308,0
DA:313,0
DA:314,0
DA:315,0
DA:319,0
DA:320,0
DA:321,0
DA:322,0
DA:323,0
DA:325,0
DA:330,0
DA:331,0
DA:332,0
DA:340,0
DA:342,0
DA:351,0
DA:352,0
DA:353,0
DA:354,0
DA:355,0
DA:358,0
DA:363,0
DA:364,0
DA:366,0
DA:367,0
DA:368,0
DA:369,0
DA:374,0
DA:375,0
DA:379,0
DA:380,0
DA:383,0
DA:392,0
DA:393,0
DA:394,0
DA:395,0
DA:396,0
DA:397,0
DA:398,0
DA:399,0
DA:400,0
DA:401,0
DA:402,0
DA:403,0
DA:404,0
DA:405,0
DA:406,0
DA:407,0
DA:408,0
DA:412,0
DA:413,0
DA:417,0
DA:418,0
DA:420,0
DA:422,0
DA:423,0
DA:431,0
DA:433,0
DA:434,0
DA:435,0
DA:436,0
DA:443,0
DA:446,0
DA:447,0
DA:448,0
DA:449,0
DA:451,0
DA:452,0
LF:189
LH:0
BRDA:36,0,0,0
BRDA:36,0,1,0
BRDA:50,1,0,0
BRDA:50,1,1,0
BRDA:103,2,0,0
BRDA:103,2,1,0
BRDA:340,3,0,0
BRDA:340,3,1,0
BRDA:354,4,0,0
BRDA:354,4,1,0
BRDA:366,5,0,0
BRDA:366,5,1,0
BRDA:368,6,0,0
BRDA:368,6,1,0
BRDA:374,7,0,0
BRDA:374,7,1,0
BRDA:379,8,0,0
BRDA:379,8,1,0
BRDA:412,9,0,0
BRDA:412,9,1,0
BRDA:433,10,0,0
BRDA:433,10,1,0
BRDA:446,11,0,0
BRDA:446,11,1,0
BRF:24
BRH:0
end_of_record
TN:
SF:src\ai\freedomFinanceAI.js
FN:6,(anonymous_0)
FN:16,(anonymous_1)
FN:35,(anonymous_2)
FN:47,(anonymous_3)
FN:48,(anonymous_4)
FN:51,(anonymous_5)
FN:55,(anonymous_6)
FN:59,(anonymous_7)
FN:73,(anonymous_8)
FN:107,(anonymous_9)
FN:154,(anonymous_10)
FN:168,(anonymous_11)
FN:188,(anonymous_12)
FN:208,(anonymous_13)
FN:231,(anonymous_14)
FN:251,(anonymous_15)
FNF:16
FNH:0
FNDA:0,(anonymous_0)
FNDA:0,(anonymous_1)
FNDA:0,(anonymous_2)
FNDA:0,(anonymous_3)
FNDA:0,(anonymous_4)
FNDA:0,(anonymous_5)
FNDA:0,(anonymous_6)
FNDA:0,(anonymous_7)
FNDA:0,(anonymous_8)
FNDA:0,(anonymous_9)
FNDA:0,(anonymous_10)
FNDA:0,(anonymous_11)
FNDA:0,(anonymous_12)
FNDA:0,(anonymous_13)
FNDA:0,(anonymous_14)
FNDA:0,(anonymous_15)
DA:1,0
DA:2,0
DA:3,0
DA:7,0
DA:8,0
DA:9,0
DA:10,0
DA:17,0
DA:19,0
DA:22,0
DA:24,0
DA:25,0
DA:27,0
DA:28,0
DA:36,0
DA:37,0
DA:38,0
DA:40,0
DA:48,0
DA:49,0
DA:51,0
DA:52,0
DA:55,0
DA:56,0
DA:59,0
DA:60,0
DA:61,0
DA:62,0
DA:64,0
DA:74,0
DA:75,0
DA:85,0
DA:95,0
DA:96,0
DA:108,0
DA:110,0
DA:155,0
DA:169,0
DA:170,0
DA:172,0
DA:174,0
DA:175,0
DA:176,0
DA:178,0
DA:182,0
DA:189,0
DA:190,0
DA:192,0
DA:194,0
DA:195,0
DA:196,0
DA:198,0
DA:202,0
DA:209,0
DA:210,0
DA:215,0
DA:217,0
DA:218,0
DA:219,0
DA:221,0
DA:225,0
DA:232,0
DA:233,0
DA:235,0
DA:237,0
DA:238,0
DA:239,0
DA:241,0
DA:245,0
DA:252,0
DA:253,0
DA:263,0
DA:265,0
DA:272,0
LF:74
LH:0
BRDA:7,0,0,0
BRDA:7,0,1,0
BRDA:8,1,0,0
BRDA:8,1,1,0
BRDA:60,2,0,0
BRDA:60,2,1,0
BRDA:73,3,0,0
BRDA:120,4,0,0
BRDA:120,4,1,0
BRDA:123,5,0,0
BRDA:123,5,1,0
BRDA:126,6,0,0
BRDA:126,6,1,0
BRDA:129,7,0,0
BRDA:129,7,1,0
BRDA:174,8,0,0
BRDA:174,8,1,0
BRDA:194,9,0,0
BRDA:194,9,1,0
BRDA:217,10,0,0
BRDA:217,10,1,0
BRDA:237,11,0,0
BRDA:237,11,1,0
BRF:23
BRH:0
end_of_record
TN:
SF:src\ai\geminiClient.js
FN:5,(anonymous_0)
FN:21,(anonymous_1)
FN:54,(anonymous_2)
FN:81,(anonymous_3)
FN:114,(anonymous_4)
FN:142,(anonymous_5)
FN:149,(anonymous_6)
FN:172,(anonymous_7)
FN:217,(anonymous_8)
FN:224,(anonymous_9)
FNF:10
FNH:0
FNDA:0,(anonymous_0)
FNDA:0,(anonymous_1)
FNDA:0,(anonymous_2)
FNDA:0,(anonymous_3)
FNDA:0,(anonymous_4)
FNDA:0,(anonymous_5)
FNDA:0,(anonymous_6)
FNDA:0,(anonymous_7)
FNDA:0,(anonymous_8)
FNDA:0,(anonymous_9)
DA:1,0
DA:2,0
DA:6,0
DA:7,0
DA:8,0
DA:10,0
DA:11,0
DA:12,0
DA:14,0
DA:22,0
DA:23,0
DA:24,0
DA:27,0
DA:28,0
DA:29,0
DA:30,0
DA:33,0
DA:34,0
DA:36,0
DA:38,0
DA:46,0
DA:47,0
DA:55,0
DA:56,0
DA:57,0
DA:60,0
DA:61,0
DA:62,0
DA:63,0
DA:65,0
DA:67,0
DA:73,0
DA:74,0
DA:86,0
DA:88,0
DA:119,0
DA:121,0
DA:143,0
DA:150,0
DA:157,0
DA:160,0
DA:173,0
DA:175,0
DA:176,0
DA:183,0
DA:184,0
DA:191,0
DA:192,0
DA:199,0
DA:200,0
DA:207,0
DA:218,0
DA:225,0
DA:233,0
LF:54
LH:0
BRDA:10,0,0,0
BRDA:10,0,1,0
BRDA:21,1,0,0
BRDA:23,2,0,0
BRDA:23,2,1,0
BRDA:54,3,0,0
BRDA:56,4,0,0
BRDA:56,4,1,0
BRDA:81,5,0,0
BRDA:83,6,0,0
BRDA:84,7,0,0
BRDA:85,8,0,0
BRDA:114,9,0,0
BRDA:116,10,0,0
BRDA:117,11,0,0
BRDA:118,12,0,0
BRDA:157,13,0,0
BRDA:157,13,1,0
BRDA:175,14,0,0
BRDA:175,14,1,0
BRDA:175,15,0,0
BRDA:175,15,1,0
BRDA:183,16,0,0
BRDA:183,16,1,0
BRDA:183,17,0,0
BRDA:183,17,1,0
BRDA:191,18,0,0
BRDA:191,18,1,0
BRDA:191,19,0,0
BRDA:191,19,1,0
BRDA:199,20,0,0
BRDA:199,20,1,0
BRDA:199,21,0,0
BRDA:199,21,1,0
BRDA:227,22,0,0
BRDA:227,22,1,0
BRF:36
BRH:0
end_of_record
TN:
SF:src\config\app.js
FNF:0
FNH:0
DA:1,0
DA:3,0
DA:30,0
LF:3
LH:0
BRDA:5,0,0,0
BRDA:5,0,1,0
BRDA:6,1,0,0
BRDA:6,1,1,0
BRDA:7,2,0,0
BRDA:7,2,1,0
BRDA:8,3,0,0
BRDA:8,3,1,0
BRDA:12,4,0,0
BRDA:12,4,1,0
BRDA:19,5,0,0
BRDA:19,5,1,0
BRDA:20,6,0,0
BRDA:20,6,1,0
BRF:14
BRH:0
end_of_record
TN:
SF:src\config\database.js
FN:78,(anonymous_0)
FN:95,(anonymous_1)
FN:99,(anonymous_2)
FN:103,(anonymous_3)
FN:108,(anonymous_4)
FNF:5
FNH:0
FNDA:0,(anonymous_0)
FNDA:0,(anonymous_1)
FNDA:0,(anonymous_2)
FNDA:0,(anonymous_3)
FNDA:0,(anonymous_4)
DA:1,0
DA:2,0
DA:4,0
DA:53,0
DA:78,0
DA:79,0
DA:80,0
DA:81,0
DA:83,0
DA:85,0
DA:92,0
DA:95,0
DA:96,0
DA:99,0
DA:100,0
DA:103,0
DA:104,0
DA:108,0
DA:109,0
DA:110,0
DA:111,0
DA:114,0
DA:116,0
DA:117,0
DA:121,0
LF:25
LH:0
BRDA:6,0,0,0
BRDA:6,0,1,0
BRDA:7,1,0,0
BRDA:7,1,1,0
BRDA:8,2,0,0
BRDA:8,2,1,0
BRDA:9,3,0,0
BRDA:9,3,1,0
BRDA:10,4,0,0
BRDA:10,4,1,0
BRDA:21,5,0,0
BRDA:21,5,1,0
BRDA:22,6,0,0
BRDA:22,6,1,0
BRDA:23,7,0,0
BRDA:23,7,1,0
BRDA:24,8,0,0
BRDA:24,8,1,0
BRDA:25,9,0,0
BRDA:25,9,1,0
BRDA:55,10,0,0
BRDA:55,10,1,0
BRDA:62,11,0,0
BRDA:62,11,1,0
BRDA:69,12,0,0
BRDA:69,12,1,0
BRDA:80,13,0,0
BRDA:80,13,1,0
BRF:28
BRH:0
end_of_record
TN:
SF:src\controllers\adminController.js
FN:17,(anonymous_0)
FN:100,(anonymous_1)
FN:132,(anonymous_2)
FN:157,(anonymous_3)
FN:203,(anonymous_4)
FN:235,(anonymous_5)
FN:295,(anonymous_6)
FN:323,(anonymous_7)
FN:340,(anonymous_8)
FN:365,(anonymous_9)
FN:394,(anonymous_10)
FN:425,(anonymous_11)
FN:458,(anonymous_12)
FN:475,(anonymous_13)
FN:504,(anonymous_14)
FN:527,(anonymous_15)
FN:555,(anonymous_16)
FN:574,(anonymous_17)
FNF:18
FNH:0
FNDA:0,(anonymous_0)
FNDA:0,(anonymous_1)
FNDA:0,(anonymous_2)
FNDA:0,(anonymous_3)
FNDA:0,(anonymous_4)
FNDA:0,(anonymous_5)
FNDA:0,(anonymous_6)
FNDA:0,(anonymous_7)
FNDA:0,(anonymous_8)
FNDA:0,(anonymous_9)
FNDA:0,(anonymous_10)
FNDA:0,(anonymous_11)
FNDA:0,(anonymous_12)
FNDA:0,(anonymous_13)
FNDA:0,(anonymous_14)
FNDA:0,(anonymous_15)
FNDA:0,(anonymous_16)
FNDA:0,(anonymous_17)
DA:1,0
DA:2,0
DA:3,0
DA:4,0
DA:5,0
DA:6,0
DA:7,0
DA:8,0
DA:9,0
DA:10,0
DA:11,0
DA:18,0
DA:19,0
DA:21,0
DA:22,0
DA:26,0
DA:28,0
DA:29,0
DA:33,0
DA:34,0
DA:38,0
DA:39,0
DA:43,0
DA:45,0
DA:46,0
DA:47,0
DA:51,0
DA:54,0
DA:65,0
DA:66,0
DA:69,0
DA:83,0
DA:84,0
DA:86,0
DA:92,0
DA:93,0
DA:101,0
DA:102,0
DA:105,0
DA:108,0
DA:111,0
DA:114,0
DA:116,0
DA:124,0
DA:125,0
DA:133,0
DA:134,0
DA:136,0
DA:138,0
DA:139,0
DA:141,0
DA:142,0
DA:144,0
DA:147,0
DA:149,0
DA:150,0
DA:158,0
DA:166,0
DA:186,0
DA:195,0
DA:196,0
DA:204,0
DA:205,0
DA:222,0
DA:227,0
DA:228,0
DA:236,0
DA:237,0
DA:239,0
DA:240,0
DA:248,0
DA:278,0
DA:287,0
DA:288,0
DA:296,0
DA:297,0
DA:300,0
DA:301,0
DA:302,0
DA:304,0
DA:305,0
DA:308,0
DA:313,0
DA:315,0
DA:316,0
DA:324,0
DA:325,0
DA:330,0
DA:332,0
DA:333,0
DA:341,0
DA:342,0
DA:344,0
DA:346,0
DA:347,0
DA:349,0
DA:350,0
DA:352,0
DA:355,0
DA:357,0
DA:358,0
DA:366,0
DA:372,0
DA:379,0
DA:386,0
DA:387,0
DA:395,0
DA:396,0
DA:399,0
DA:400,0
DA:401,0
DA:402,0
DA:405,0
DA:411,0
DA:417,0
DA:418,0
DA:426,0
DA:427,0
DA:448,0
DA:450,0
DA:451,0
DA:459,0
DA:461,0
DA:467,0
DA:468,0
DA:476,0
DA:477,0
DA:494,0
DA:496,0
DA:497,0
DA:505,0
DA:506,0
DA:508,0
DA:509,0
DA:512,0
DA:519,0
DA:520,0
DA:528,0
DA:529,0
DA:532,0
DA:545,0
DA:547,0
DA:548,0
DA:556,0
DA:557,0
DA:560,0
DA:561,0
DA:562,0
DA:564,0
DA:566,0
DA:567,0
DA:575,0
DA:576,0
DA:577,0
DA:580,0
DA:581,0
DA:582,0
DA:584,0
DA:587,0
DA:601,0
DA:602,0
DA:603,0
DA:605,0
DA:607,0
DA:608,0
DA:613,0
LF:166
LH:0
BRDA:21,0,0,0
BRDA:21,0,1,0
BRDA:21,1,0,0
BRDA:21,1,1,0
BRDA:28,2,0,0
BRDA:28,2,1,0
BRDA:33,3,0,0
BRDA:33,3,1,0
BRDA:38,4,0,0
BRDA:38,4,1,0
BRDA:45,5,0,0
BRDA:45,5,1,0
BRDA:136,6,0,0
BRDA:136,6,1,0
BRDA:139,7,0,0
BRDA:139,7,1,0
BRDA:142,8,0,0
BRDA:142,8,1,0
BRDA:189,9,0,0
BRDA:189,9,1,0
BRDA:190,10,0,0
BRDA:190,10,1,0
BRDA:191,11,0,0
BRDA:191,11,1,0
BRDA:239,12,0,0
BRDA:239,12,1,0
BRDA:251,13,0,0
BRDA:251,13,1,0
BRDA:280,14,0,0
BRDA:280,14,1,0
BRDA:281,15,0,0
BRDA:281,15,1,0
BRDA:282,16,0,0
BRDA:282,16,1,0
BRDA:300,17,0,0
BRDA:300,17,1,0
BRDA:302,18,0,0
BRDA:302,18,1,0
BRDA:344,19,0,0
BRDA:344,19,1,0
BRDA:347,20,0,0
BRDA:347,20,1,0
BRDA:350,21,0,0
BRDA:350,21,1,0
BRDA:399,22,0,0
BRDA:399,22,1,0
BRDA:401,23,0,0
BRDA:401,23,1,0
BRDA:414,24,0,0
BRDA:414,24,1,0
BRDA:508,25,0,0
BRDA:508,25,1,0
BRDA:580,26,0,0
BRDA:580,26,1,0
BRDA:581,27,0,0
BRDA:581,27,1,0
BRDA:582,28,0,0
BRDA:582,28,1,0
BRF:58
BRH:0
end_of_record
TN:
SF:src\controllers\agentController.js
FN:2,(anonymous_0)
FN:3,(anonymous_1)
FN:4,(anonymous_2)
FN:5,(anonymous_3)
FN:6,(anonymous_4)
FN:7,(anonymous_5)
FNF:6
FNH:0
FNDA:0,(anonymous_0)
FNDA:0,(anonymous_1)
FNDA:0,(anonymous_2)
FNDA:0,(anonymous_3)
FNDA:0,(anonymous_4)
FNDA:0,(anonymous_5)
DA:1,0
DA:2,0
DA:3,0
DA:4,0
DA:5,0
DA:6,0
DA:7,0
LF:7
LH:0
BRF:0
BRH:0
end_of_record
TN:
SF:src\controllers\agiActionsController.js
FN:5,(anonymous_0)
FN:18,(anonymous_1)
FN:31,(anonymous_2)
FNF:3
FNH:0
FNDA:0,(anonymous_0)
FNDA:0,(anonymous_1)
FNDA:0,(anonymous_2)
DA:1,0
DA:2,0
DA:6,0
DA:7,0
DA:8,0
DA:9,0
DA:11,0
DA:12,0
DA:14,0
DA:15,0
DA:19,0
DA:20,0
DA:21,0
DA:22,0
DA:24,0
DA:25,0
DA:27,0
DA:28,0
DA:32,0
DA:33,0
DA:34,0
DA:35,0
DA:37,0
DA:38,0
DA:40,0
DA:41,0
DA:46,0
LF:27
LH:0
BRDA:8,0,0,0
BRDA:8,0,1,0
BRDA:8,1,0,0
BRDA:8,1,1,0
BRDA:21,2,0,0
BRDA:21,2,1,0
BRDA:21,3,0,0
BRDA:21,3,1,0
BRDA:34,4,0,0
BRDA:34,4,1,0
BRF:10
BRH:0
end_of_record
TN:
SF:src\controllers\agiAnalyticsController.js
FN:8,(anonymous_0)
FN:25,(anonymous_1)
FN:42,(anonymous_2)
FNF:3
FNH:0
FNDA:0,(anonymous_0)
FNDA:0,(anonymous_1)
FNDA:0,(anonymous_2)
DA:1,0
DA:2,0
DA:9,0
DA:10,0
DA:11,0
DA:12,0
DA:14,0
DA:15,0
DA:17,0
DA:18,0
DA:26,0
DA:27,0
DA:28,0
DA:29,0
DA:31,0
DA:32,0
DA:34,0
DA:35,0
DA:43,0
DA:44,0
DA:45,0
DA:46,0
DA:48,0
DA:49,0
DA:54,0
LF:25
LH:0
BRDA:10,0,0,0
BRDA:10,1,0,0
BRDA:11,2,0,0
BRDA:11,2,1,0
BRDA:11,3,0,0
BRDA:11,3,1,0
BRDA:28,4,0,0
BRDA:28,4,1,0
BRDA:28,5,0,0
BRDA:28,5,1,0
BRDA:28,5,2,0
BRDA:44,6,0,0
BRDA:44,7,0,0
BRF:13
BRH:0
end_of_record
TN:
SF:src\controllers\agiAutonomousController.js
FN:5,(anonymous_0)
FN:18,(anonymous_1)
FNF:2
FNH:0
FNDA:0,(anonymous_0)
FNDA:0,(anonymous_1)
DA:1,0
DA:2,0
DA:6,0
DA:7,0
DA:8,0
DA:9,0
DA:11,0
DA:12,0
DA:14,0
DA:15,0
DA:19,0
DA:20,0
DA:21,0
DA:22,0
DA:24,0
DA:25,0
DA:27,0
DA:28,0
DA:33,0
LF:19
LH:0
BRDA:8,0,0,0
BRDA:8,0,1,0
BRDA:21,1,0,0
BRDA:21,1,1,0
BRDA:21,2,0,0
BRDA:21,2,1,0
BRF:6
BRH:0
end_of_record
TN:
SF:src\controllers\agiBehaviorController.js
FN:5,(anonymous_0)
FN:18,(anonymous_1)
FNF:2
FNH:0
FNDA:0,(anonymous_0)
FNDA:0,(anonymous_1)
DA:1,0
DA:2,0
DA:6,0
DA:7,0
DA:8,0
DA:9,0
DA:11,0
DA:12,0
DA:14,0
DA:15,0
DA:19,0
DA:20,0
DA:21,0
DA:22,0
DA:24,0
DA:25,0
DA:27,0
DA:28,0
DA:33,0
LF:19
LH:0
BRDA:8,0,0,0
BRDA:8,0,1,0
BRDA:8,1,0,0
BRDA:8,1,1,0
BRDA:21,2,0,0
BRDA:21,2,1,0
BRDA:21,3,0,0
BRDA:21,3,1,0
BRF:8
BRH:0
end_of_record
TN:
SF:src\controllers\agiBehavioralController.js
FN:5,(anonymous_0)
FNF:1
FNH:0
FNDA:0,(anonymous_0)
DA:1,0
DA:2,0
DA:6,0
DA:7,0
DA:8,0
DA:9,0
DA:11,0
DA:12,0
DA:14,0
DA:15,0
DA:20,0
LF:11
LH:0
BRDA:8,0,0,0
BRDA:8,0,1,0
BRDA:8,1,0,0
BRDA:8,1,1,0
BRF:4
BRH:0
end_of_record
TN:
SF:src\controllers\agiExplainController.js
FN:5,(anonymous_0)
FNF:1
FNH:0
FNDA:0,(anonymous_0)
DA:1,0
DA:2,0
DA:6,0
DA:7,0
DA:8,0
DA:9,0
DA:11,0
DA:12,0
DA:14,0
DA:15,0
DA:20,0
LF:11
LH:0
BRDA:8,0,0,0
BRDA:8,0,1,0
BRF:2
BRH:0
end_of_record
TN:
SF:src\controllers\agiFeedbackController.js
FN:8,(anonymous_0)
FNF:1
FNH:0
FNDA:0,(anonymous_0)
DA:1,0
DA:2,0
DA:9,0
DA:10,0
DA:11,0
DA:12,0
DA:14,0
DA:15,0
DA:16,0
DA:18,0
DA:20,0
DA:21,0
DA:26,0
LF:13
LH:0
BRDA:11,0,0,0
BRDA:11,0,1,0
BRDA:11,1,0,0
BRDA:11,1,1,0
BRDA:15,2,0,0
BRDA:15,2,1,0
BRF:6
BRH:0
end_of_record
TN:
SF:src\controllers\agiInsightsController.js
FN:9,(anonymous_0)
FNF:1
FNH:0
FNDA:0,(anonymous_0)
DA:1,0
DA:2,0
DA:3,0
DA:10,0
DA:11,0
DA:12,0
DA:13,0
DA:18,0
DA:19,0
DA:20,0
DA:22,0
DA:24,0
DA:25,0
DA:30,0
LF:14
LH:0
BRDA:12,0,0,0
BRDA:12,0,1,0
BRDA:19,1,0,0
BRDA:19,1,1,0
BRF:4
BRH:0
end_of_record
TN:
SF:src\controllers\agiMacroController.js
FN:6,(anonymous_0)
FNF:1
FNH:0
FNDA:0,(anonymous_0)
DA:1,0
DA:2,0
DA:3,0
DA:7,0
DA:8,0
DA:9,0
DA:10,0
DA:12,0
DA:13,0
DA:15,0
DA:16,0
DA:21,0
LF:12
LH:0
BRDA:9,0,0,0
BRDA:9,0,1,0
BRF:2
BRH:0
end_of_record
TN:
SF:src\controllers\agiMarketController.js
FN:5,(anonymous_0)
FNF:1
FNH:0
FNDA:0,(anonymous_0)
DA:1,0
DA:2,0
DA:6,0
DA:7,0
DA:8,0
DA:10,0
DA:11,0
DA:16,0
LF:8
LH:0
BRF:0
BRH:0
end_of_record
TN:
SF:src\controllers\agiRecommendationsController.js
FN:9,(anonymous_0)
FNF:1
FNH:0
FNDA:0,(anonymous_0)
DA:1,0
DA:2,0
DA:3,0
DA:10,0
DA:11,0
DA:12,0
DA:13,0
DA:14,0
DA:19,0
DA:20,0
DA:21,0
DA:23,0
DA:25,0
DA:26,0
DA:31,0
LF:15
LH:0
BRDA:13,0,0,0
BRDA:13,0,1,0
BRDA:20,1,0,0
BRDA:20,1,1,0
BRF:4
BRH:0
end_of_record
TN:
SF:src\controllers\agiRiskController.js
FN:5,(anonymous_0)
FNF:1
FNH:0
FNDA:0,(anonymous_0)
DA:1,0
DA:2,0
DA:6,0
DA:7,0
DA:8,0
DA:9,0
DA:11,0
DA:12,0
DA:14,0
DA:15,0
DA:20,0
LF:11
LH:0
BRDA:8,0,0,0
BRDA:8,0,1,0
BRF:2
BRH:0
end_of_record
TN:
SF:src\controllers\agiScenarioController.js
FN:5,(anonymous_0)
FN:18,(anonymous_1)
FNF:2
FNH:0
FNDA:0,(anonymous_0)
FNDA:0,(anonymous_1)
DA:1,0
DA:2,0
DA:6,0
DA:7,0
DA:8,0
DA:9,0
DA:11,0
DA:12,0
DA:14,0
DA:15,0
DA:19,0
DA:20,0
DA:21,0
DA:22,0
DA:24,0
DA:25,0
DA:27,0
DA:28,0
DA:33,0
LF:19
LH:0
BRDA:8,0,0,0
BRDA:8,0,1,0
BRDA:8,1,0,0
BRDA:8,1,1,0
BRDA:21,2,0,0
BRDA:21,2,1,0
BRF:6
BRH:0
end_of_record
TN:
SF:src\controllers\agiStatusController.js
FN:8,(anonymous_0)
FN:21,(anonymous_1)
FNF:2
FNH:0
FNDA:0,(anonymous_0)
FNDA:0,(anonymous_1)
DA:1,0
DA:2,0
DA:9,0
DA:10,0
DA:11,0
DA:13,0
DA:14,0
DA:22,0
DA:23,0
DA:24,0
DA:26,0
DA:27,0
DA:32,0
LF:13
LH:0
BRF:0
BRH:0
end_of_record
TN:
SF:src\controllers\aiController.js
FN:11,(anonymous_0)
FN:35,(anonymous_1)
FN:81,(anonymous_2)
FN:106,(anonymous_3)
FNF:4
FNH:0
FNDA:0,(anonymous_0)
FNDA:0,(anonymous_1)
FNDA:0,(anonymous_2)
FNDA:0,(anonymous_3)
DA:1,0
DA:2,0
DA:3,0
DA:12,0
DA:13,0
DA:16,0
DA:17,0
DA:22,0
DA:23,0
DA:28,0
DA:29,0
DA:35,0
DA:36,0
DA:39,0
DA:40,0
DA:45,0
DA:51,0
DA:53,0
DA:54,0
DA:55,0
DA:58,0
DA:63,0
DA:69,0
DA:70,0
DA:82,0
DA:83,0
DA:94,0
DA:96,0
DA:97,0
DA:107,0
DA:108,0
DA:110,0
DA:111,0
DA:116,0
DA:118,0
DA:120,0
DA:123,0
DA:124,0
DA:129,0
LF:39
LH:0
BRDA:16,0,0,0
BRDA:16,0,1,0
BRDA:16,1,0,0
BRDA:16,1,1,0
BRDA:22,2,0,0
BRDA:22,2,1,0
BRDA:22,3,0,0
BRDA:22,3,1,0
BRDA:28,4,0,0
BRDA:28,4,1,0
BRDA:36,5,0,0
BRDA:36,5,1,0
BRDA:36,5,2,0
BRDA:39,6,0,0
BRDA:39,6,1,0
BRDA:53,7,0,0
BRDA:53,7,1,0
BRDA:60,8,0,0
BRDA:60,8,1,0
BRDA:110,9,0,0
BRDA:110,9,1,0
BRF:21
BRH:0
end_of_record
TN:
SF:src\controllers\aiPortfolioController.js
FN:10,(anonymous_0)
FN:66,(anonymous_1)
FN:107,(anonymous_2)
FN:166,(anonymous_3)
FN:218,(anonymous_4)
FN:250,(anonymous_5)
FN:284,(anonymous_6)
FN:304,(anonymous_7)
FN:305,(anonymous_8)
FN:308,(anonymous_9)
FN:316,(anonymous_10)
FN:317,(anonymous_11)
FN:318,(anonymous_12)
FN:331,(anonymous_13)
FN:332,(anonymous_14)
FN:333,(anonymous_15)
FN:342,(anonymous_16)
FNF:17
FNH:0
FNDA:0,(anonymous_0)
FNDA:0,(anonymous_1)
FNDA:0,(anonymous_2)
FNDA:0,(anonymous_3)
FNDA:0,(anonymous_4)
FNDA:0,(anonymous_5)
FNDA:0,(anonymous_6)
FNDA:0,(anonymous_7)
FNDA:0,(anonymous_8)
FNDA:0,(anonymous_9)
FNDA:0,(anonymous_10)
FNDA:0,(anonymous_11)
FNDA:0,(anonymous_12)
FNDA:0,(anonymous_13)
FNDA:0,(anonymous_14)
FNDA:0,(anonymous_15)
FNDA:0,(anonymous_16)
DA:1,0
DA:2,0
DA:3,0
DA:4,0
DA:11,0
DA:12,0
DA:13,0
DA:16,0
DA:17,0
DA:21,0
DA:22,0
DA:23,0
DA:27,0
DA:28,0
DA:29,0
DA:33,0
DA:43,0
DA:44,0
DA:46,0
DA:47,0
DA:50,0
DA:51,0
DA:54,0
DA:56,0
DA:58,0
DA:59,0
DA:67,0
DA:68,0
DA:71,0
DA:72,0
DA:73,0
DA:77,0
DA:80,0
DA:97,0
DA:99,0
DA:100,0
DA:108,0
DA:109,0
DA:110,0
DA:113,0
DA:114,0
DA:115,0
DA:119,0
DA:120,0
DA:121,0
DA:125,0
DA:135,0
DA:136,0
DA:138,0
DA:139,0
DA:144,0
DA:145,0
DA:152,0
DA:153,0
DA:156,0
DA:158,0
DA:159,0
DA:167,0
DA:168,0
DA:171,0
DA:172,0
DA:176,0
DA:190,0
DA:201,0
DA:202,0
DA:204,0
DA:205,0
DA:208,0
DA:210,0
DA:211,0
DA:219,0
DA:220,0
DA:221,0
DA:223,0
DA:224,0
DA:228,0
DA:229,0
DA:230,0
DA:234,0
DA:240,0
DA:242,0
DA:243,0
DA:251,0
DA:252,0
DA:253,0
DA:255,0
DA:256,0
DA:260,0
DA:261,0
DA:262,0
DA:266,0
DA:274,0
DA:276,0
DA:277,0
DA:285,0
DA:286,0
DA:287,0
DA:289,0
DA:290,0
DA:294,0
DA:296,0
DA:298,0
DA:299,0
DA:305,0
DA:306,0
DA:308,0
DA:309,0
DA:310,0
DA:313,0
DA:317,0
DA:318,0
DA:319,0
DA:320,0
DA:323,0
DA:332,0
DA:333,0
DA:335,0
DA:343,0
DA:350,0
DA:354,0
LF:120
LH:0
BRDA:16,0,0,0
BRDA:16,0,1,0
BRDA:16,1,0,0
BRDA:16,1,1,0
BRDA:16,1,2,0
BRDA:22,2,0,0
BRDA:22,2,1,0
BRDA:28,3,0,0
BRDA:28,3,1,0
BRDA:35,4,0,0
BRDA:35,4,1,0
BRDA:36,5,0,0
BRDA:36,5,1,0
BRDA:37,6,0,0
BRDA:37,6,1,0
BRDA:38,7,0,0
BRDA:38,7,1,0
BRDA:50,8,0,0
BRDA:50,8,1,0
BRDA:50,9,0,0
BRDA:50,9,1,0
BRDA:51,10,0,0
BRDA:51,10,1,0
BRDA:72,11,0,0
BRDA:72,11,1,0
BRDA:87,12,0,0
BRDA:87,12,1,0
BRDA:88,13,0,0
BRDA:88,13,1,0
BRDA:89,14,0,0
BRDA:89,14,1,0
BRDA:90,15,0,0
BRDA:90,15,1,0
BRDA:91,16,0,0
BRDA:91,16,1,0
BRDA:110,17,0,0
BRDA:114,18,0,0
BRDA:114,18,1,0
BRDA:120,19,0,0
BRDA:120,19,1,0
BRDA:127,20,0,0
BRDA:127,20,1,0
BRDA:128,21,0,0
BRDA:128,21,1,0
BRDA:129,22,0,0
BRDA:129,22,1,0
BRDA:130,23,0,0
BRDA:130,23,1,0
BRDA:171,24,0,0
BRDA:171,24,1,0
BRDA:171,25,0,0
BRDA:171,25,1,0
BRDA:171,25,2,0
BRDA:194,26,0,0
BRDA:194,26,1,0
BRDA:195,27,0,0
BRDA:195,27,1,0
BRDA:196,28,0,0
BRDA:196,28,1,0
BRDA:223,29,0,0
BRDA:223,29,1,0
BRDA:229,30,0,0
BRDA:229,30,1,0
BRDA:235,31,0,0
BRDA:235,31,1,0
BRDA:236,32,0,0
BRDA:236,32,1,0
BRDA:237,33,0,0
BRDA:237,33,1,0
BRDA:255,34,0,0
BRDA:255,34,1,0
BRDA:255,35,0,0
BRDA:255,35,1,0
BRDA:261,36,0,0
BRDA:261,36,1,0
BRDA:269,37,0,0
BRDA:269,37,1,0
BRDA:270,38,0,0
BRDA:270,38,1,0
BRDA:271,39,0,0
BRDA:271,39,1,0
BRDA:289,40,0,0
BRDA:289,40,1,0
BRDA:289,41,0,0
BRDA:289,41,1,0
BRDA:309,42,0,0
BRDA:309,42,1,0
BRDA:310,43,0,0
BRDA:310,43,1,0
BRDA:350,44,0,0
BRDA:350,44,1,0
BRF:91
BRH:0
end_of_record
TN:
SF:src\controllers\analyticsController.js
FN:13,(anonymous_0)
FN:44,(anonymous_1)
FN:76,(anonymous_2)
FN:117,(anonymous_3)
FN:154,(anonymous_4)
FN:184,(anonymous_5)
FN:214,(anonymous_6)
FN:244,(anonymous_7)
FN:270,(anonymous_8)
FN:296,(anonymous_9)
FN:335,(anonymous_10)
FN:363,(anonymous_11)
FN:391,(anonymous_12)
FN:419,(anonymous_13)
FNF:14
FNH:0
FNDA:0,(anonymous_0)
FNDA:0,(anonymous_1)
FNDA:0,(anonymous_2)
FNDA:0,(anonymous_3)
FNDA:0,(anonymous_4)
FNDA:0,(anonymous_5)
FNDA:0,(anonymous_6)
FNDA:0,(anonymous_7)
FNDA:0,(anonymous_8)
FNDA:0,(anonymous_9)
FNDA:0,(anonymous_10)
FNDA:0,(anonymous_11)
FNDA:0,(anonymous_12)
FNDA:0,(anonymous_13)
DA:1,0
DA:2,0
DA:3,0
DA:4,0
DA:5,0
DA:6,0
DA:7,0
DA:14,0
DA:15,0
DA:16,0
DA:18,0
DA:20,0
DA:27,0
DA:32,0
DA:33,0
DA:45,0
DA:46,0
DA:47,0
DA:49,0
DA:51,0
DA:59,0
DA:64,0
DA:65,0
DA:77,0
DA:86,0
DA:88,0
DA:90,0
DA:100,0
DA:105,0
DA:106,0
DA:118,0
DA:125,0
DA:127,0
DA:129,0
DA:137,0
DA:142,0
DA:143,0
DA:155,0
DA:156,0
DA:157,0
DA:159,0
DA:161,0
DA:167,0
DA:172,0
DA:173,0
DA:185,0
DA:186,0
DA:187,0
DA:189,0
DA:191,0
DA:197,0
DA:202,0
DA:203,0
DA:215,0
DA:216,0
DA:217,0
DA:219,0
DA:221,0
DA:227,0
DA:232,0
DA:233,0
DA:245,0
DA:246,0
DA:247,0
DA:249,0
DA:251,0
DA:253,0
DA:258,0
DA:259,0
DA:271,0
DA:272,0
DA:273,0
DA:275,0
DA:277,0
DA:279,0
DA:284,0
DA:285,0
DA:297,0
DA:298,0
DA:299,0
DA:301,0
DA:303,0
DA:306,0
DA:307,0
DA:311,0
DA:312,0
DA:318,0
DA:323,0
DA:324,0
DA:336,0
DA:337,0
DA:339,0
DA:341,0
DA:346,0
DA:351,0
DA:352,0
DA:364,0
DA:365,0
DA:367,0
DA:369,0
DA:374,0
DA:379,0
DA:380,0
DA:392,0
DA:393,0
DA:395,0
DA:397,0
DA:402,0
DA:407,0
DA:408,0
DA:420,0
DA:428,0
DA:431,0
DA:432,0
DA:438,0
DA:440,0
DA:449,0
DA:454,0
DA:455,0
DA:464,0
LF:120
LH:0
BRDA:16,0,0,0
BRDA:16,1,0,0
BRDA:47,2,0,0
BRDA:47,3,0,0
BRDA:83,4,0,0
BRDA:84,5,0,0
BRDA:85,6,0,0
BRDA:122,7,0,0
BRDA:123,8,0,0
BRDA:124,9,0,0
BRDA:157,10,0,0
BRDA:157,11,0,0
BRDA:187,12,0,0
BRDA:187,13,0,0
BRDA:217,14,0,0
BRDA:247,15,0,0
BRDA:273,16,0,0
BRDA:273,17,0,0
BRDA:299,18,0,0
BRDA:299,19,0,0
BRDA:306,20,0,0
BRDA:306,20,1,0
BRDA:311,21,0,0
BRDA:311,21,1,0
BRDA:337,22,0,0
BRDA:337,23,0,0
BRDA:365,24,0,0
BRDA:393,25,0,0
BRDA:423,26,0,0
BRDA:424,27,0,0
BRDA:425,28,0,0
BRDA:426,29,0,0
BRDA:427,30,0,0
BRDA:431,31,0,0
BRDA:431,31,1,0
BRDA:431,32,0,0
BRDA:431,32,1,0
BRDA:431,32,2,0
BRDA:431,32,3,0
BRF:39
BRH:0
end_of_record
TN:
SF:src\controllers\auditController.js
FN:7,(anonymous_0)
FN:15,(anonymous_1)
FNF:2
FNH:0
FNDA:0,(anonymous_0)
FNDA:0,(anonymous_1)
DA:7,0
DA:8,0
DA:15,0
DA:16,0
LF:4
LH:0
BRF:0
BRH:0
end_of_record
TN:
SF:src\controllers\authController.js
FN:12,generateOtp
FN:17,issueJwt
FN:25,(anonymous_2)
FN:48,(anonymous_3)
FN:81,(anonymous_4)
FN:151,(anonymous_5)
FN:180,(anonymous_6)
FN:251,register
FN:274,verifyEmail
FN:295,forgotPassword
FN:318,resetPassword
FN:339,login
FN:404,sendOtp
FN:430,verifyOtp
FNF:14
FNH:0
FNDA:0,generateOtp
FNDA:0,issueJwt
FNDA:0,(anonymous_2)
FNDA:0,(anonymous_3)
FNDA:0,(anonymous_4)
FNDA:0,(anonymous_5)
FNDA:0,(anonymous_6)
FNDA:0,register
FNDA:0,verifyEmail
FNDA:0,forgotPassword
FNDA:0,resetPassword
FNDA:0,login
FNDA:0,sendOtp
FNDA:0,verifyOtp
DA:1,0
DA:2,0
DA:3,0
DA:4,0
DA:5,0
DA:6,0
DA:7,0
DA:8,0
DA:9,0
DA:13,0
DA:18,0
DA:26,0
DA:27,0
DA:28,0
DA:31,0
DA:40,0
DA:41,0
DA:49,0
DA:50,0
DA:51,0
DA:54,0
DA:70,0
DA:73,0
DA:74,0
DA:82,0
DA:83,0
DA:84,0
DA:87,0
DA:90,0
DA:91,0
DA:92,0
DA:96,0
DA:97,0
DA:98,0
DA:99,0
DA:100,0
DA:103,0
DA:112,0
DA:113,0
DA:120,0
DA:126,0
DA:143,0
DA:144,0
DA:152,0
DA:153,0
DA:154,0
DA:157,0
DA:169,0
DA:172,0
DA:173,0
DA:181,0
DA:182,0
DA:183,0
DA:186,0
DA:189,0
DA:190,0
DA:191,0
DA:195,0
DA:196,0
DA:200,0
DA:201,0
DA:204,0
DA:205,0
DA:206,0
DA:207,0
DA:208,0
DA:212,0
DA:213,0
DA:218,0
DA:219,0
DA:226,0
DA:232,0
DA:244,0
DA:245,0
DA:252,0
DA:253,0
DA:254,0
DA:255,0
DA:257,0
DA:258,0
DA:259,0
DA:261,0
DA:262,0
DA:263,0
DA:264,0
DA:265,0
DA:266,0
DA:267,0
DA:269,0
DA:275,0
DA:276,0
DA:277,0
DA:278,0
DA:280,0
DA:281,0
DA:282,0
DA:284,0
DA:285,0
DA:286,0
DA:287,0
DA:288,0
DA:290,0
DA:296,0
DA:297,0
DA:298,0
DA:299,0
DA:301,0
DA:302,0
DA:303,0
DA:305,0
DA:306,0
DA:307,0
DA:308,0
DA:309,0
DA:310,0
DA:311,0
DA:313,0
DA:319,0
DA:320,0
DA:321,0
DA:322,0
DA:324,0
DA:325,0
DA:326,0
DA:328,0
DA:329,0
DA:330,0
DA:331,0
DA:332,0
DA:334,0
DA:340,0
DA:341,0
DA:342,0
DA:343,0
DA:345,0
DA:346,0
DA:347,0
DA:349,0
DA:350,0
DA:351,0
DA:352,0
DA:354,0
DA:355,0
DA:356,0
DA:358,0
DA:359,0
DA:360,0
DA:362,0
DA:363,0
DA:364,0
DA:365,0
DA:366,0
DA:367,0
DA:369,0
DA:371,0
DA:373,0
DA:375,0
DA:377,0
DA:378,0
DA:380,0
DA:381,0
DA:382,0
DA:385,0
DA:386,0
DA:387,0
DA:388,0
DA:389,0
DA:390,0
DA:392,0
DA:394,0
DA:396,0
DA:399,0
DA:405,0
DA:406,0
DA:407,0
DA:408,0
DA:410,0
DA:411,0
DA:412,0
DA:414,0
DA:415,0
DA:416,0
DA:417,0
DA:418,0
DA:419,0
DA:421,0
DA:423,0
DA:425,0
DA:431,0
DA:432,0
DA:433,0
DA:434,0
DA:436,0
DA:437,0
DA:438,0
DA:440,0
DA:441,0
DA:443,0
DA:444,0
DA:445,0
DA:448,0
DA:449,0
DA:456,0
DA:460,0
DA:462,0
LF:205
LH:0
BRDA:6,0,0,0
BRDA:6,0,1,0
BRDA:27,1,0,0
BRDA:27,1,1,0
BRDA:50,2,0,0
BRDA:50,2,1,0
BRDA:83,3,0,0
BRDA:83,3,1,0
BRDA:91,4,0,0
BRDA:91,4,1,0
BRDA:91,5,0,0
BRDA:91,5,1,0
BRDA:97,6,0,0
BRDA:97,6,1,0
BRDA:98,7,0,0
BRDA:98,7,1,0
BRDA:99,8,0,0
BRDA:99,8,1,0
BRDA:100,9,0,0
BRDA:100,9,1,0
BRDA:104,10,0,0
BRDA:104,10,1,0
BRDA:105,11,0,0
BRDA:105,11,1,0
BRDA:106,12,0,0
BRDA:106,12,1,0
BRDA:107,13,0,0
BRDA:107,13,1,0
BRDA:108,14,0,0
BRDA:108,14,1,0
BRDA:112,15,0,0
BRDA:112,15,1,0
BRDA:153,16,0,0
BRDA:153,16,1,0
BRDA:161,17,0,0
BRDA:161,17,1,0
BRDA:162,18,0,0
BRDA:162,18,1,0
BRDA:165,19,0,0
BRDA:165,19,1,0
BRDA:166,20,0,0
BRDA:166,20,1,0
BRDA:182,21,0,0
BRDA:182,21,1,0
BRDA:190,22,0,0
BRDA:190,22,1,0
BRDA:190,23,0,0
BRDA:190,23,1,0
BRDA:195,24,0,0
BRDA:195,24,1,0
BRDA:195,25,0,0
BRDA:195,25,1,0
BRDA:200,26,0,0
BRDA:200,26,1,0
BRDA:200,27,0,0
BRDA:200,27,1,0
BRDA:205,28,0,0
BRDA:205,28,1,0
BRDA:206,29,0,0
BRDA:206,29,1,0
BRDA:207,30,0,0
BRDA:207,30,1,0
BRDA:212,31,0,0
BRDA:212,31,1,0
BRDA:212,32,0,0
BRDA:212,32,1,0
BRDA:218,33,0,0
BRDA:218,33,1,0
BRDA:237,34,0,0
BRDA:237,34,1,0
BRDA:254,35,0,0
BRDA:254,35,1,0
BRDA:254,36,0,0
BRDA:254,36,1,0
BRDA:254,36,2,0
BRDA:254,36,3,0
BRDA:258,37,0,0
BRDA:258,37,1,0
BRDA:277,38,0,0
BRDA:277,38,1,0
BRDA:281,39,0,0
BRDA:281,39,1,0
BRDA:298,40,0,0
BRDA:298,40,1,0
BRDA:302,41,0,0
BRDA:302,41,1,0
BRDA:321,42,0,0
BRDA:321,42,1,0
BRDA:321,43,0,0
BRDA:321,43,1,0
BRDA:325,44,0,0
BRDA:325,44,1,0
BRDA:342,45,0,0
BRDA:342,45,1,0
BRDA:342,46,0,0
BRDA:342,46,1,0
BRDA:346,47,0,0
BRDA:346,47,1,0
BRDA:349,48,0,0
BRDA:349,48,1,0
BRDA:350,49,0,0
BRDA:350,49,1,0
BRDA:351,50,0,0
BRDA:351,50,1,0
BRDA:355,51,0,0
BRDA:355,51,1,0
BRDA:360,52,0,0
BRDA:360,52,1,0
BRDA:366,53,0,0
BRDA:366,53,1,0
BRDA:375,54,0,0
BRDA:375,54,1,0
BRDA:377,55,0,0
BRDA:377,55,1,0
BRDA:381,56,0,0
BRDA:381,56,1,0
BRDA:389,57,0,0
BRDA:389,57,1,0
BRDA:407,58,0,0
BRDA:407,58,1,0
BRDA:411,59,0,0
BRDA:411,59,1,0
BRDA:418,60,0,0
BRDA:418,60,1,0
BRDA:433,61,0,0
BRDA:433,61,1,0
BRDA:433,62,0,0
BRDA:433,62,1,0
BRDA:437,63,0,0
BRDA:437,63,1,0
BRDA:437,64,0,0
BRDA:437,64,1,0
BRDA:437,64,2,0
BRDA:440,65,0,0
BRDA:440,65,1,0
BRDA:440,66,0,0
BRDA:440,66,1,0
BRF:137
BRH:0
end_of_record
TN:
SF:src\controllers\benchmarkController.js
FN:10,(anonymous_0)
FN:39,(anonymous_1)
FN:56,(anonymous_2)
FN:75,(anonymous_3)
FN:92,(anonymous_4)
FN:125,(anonymous_5)
FN:194,(anonymous_6)
FN:210,(anonymous_7)
FN:228,(anonymous_8)
FNF:9
FNH:0
FNDA:0,(anonymous_0)
FNDA:0,(anonymous_1)
FNDA:0,(anonymous_2)
FNDA:0,(anonymous_3)
FNDA:0,(anonymous_4)
FNDA:0,(anonymous_5)
FNDA:0,(anonymous_6)
FNDA:0,(anonymous_7)
FNDA:0,(anonymous_8)
DA:1,0
DA:2,0
DA:3,0
DA:4,0
DA:11,0
DA:12,0
DA:13,0
DA:15,0
DA:17,0
DA:20,0
DA:21,0
DA:22,0
DA:25,0
DA:31,0
DA:32,0
DA:40,0
DA:41,0
DA:43,0
DA:45,0
DA:48,0
DA:49,0
DA:57,0
DA:58,0
DA:60,0
DA:62,0
DA:64,0
DA:67,0
DA:68,0
DA:76,0
DA:77,0
DA:79,0
DA:81,0
DA:84,0
DA:85,0
DA:93,0
DA:94,0
DA:95,0
DA:99,0
DA:106,0
DA:108,0
DA:114,0
DA:117,0
DA:118,0
DA:126,0
DA:127,0
DA:128,0
DA:130,0
DA:133,0
DA:136,0
DA:143,0
DA:151,0
DA:167,0
DA:177,0
DA:179,0
DA:186,0
DA:187,0
DA:195,0
DA:196,0
DA:198,0
DA:200,0
DA:202,0
DA:203,0
DA:211,0
DA:212,0
DA:214,0
DA:215,0
DA:217,0
DA:220,0
DA:221,0
DA:230,0
DA:251,0
LF:71
LH:0
BRDA:21,0,0,0
BRDA:21,0,1,0
BRDA:58,1,0,0
BRDA:95,2,0,0
BRDA:95,3,0,0
BRDA:128,4,0,0
BRF:6
BRH:0
end_of_record
TN:
SF:src\controllers\bseStarMFController.js
FN:7,(anonymous_0)
FN:15,(anonymous_1)
FN:50,(anonymous_2)
FN:89,(anonymous_3)
FN:121,(anonymous_4)
FN:156,(anonymous_5)
FN:194,(anonymous_6)
FN:229,(anonymous_7)
FN:267,(anonymous_8)
FN:305,(anonymous_9)
FN:340,(anonymous_10)
FN:375,(anonymous_11)
FN:410,(anonymous_12)
FN:442,(anonymous_13)
FN:478,(anonymous_14)
FN:510,(anonymous_15)
FN:543,(anonymous_16)
FNF:17
FNH:0
FNDA:0,(anonymous_0)
FNDA:0,(anonymous_1)
FNDA:0,(anonymous_2)
FNDA:0,(anonymous_3)
FNDA:0,(anonymous_4)
FNDA:0,(anonymous_5)
FNDA:0,(anonymous_6)
FNDA:0,(anonymous_7)
FNDA:0,(anonymous_8)
FNDA:0,(anonymous_9)
FNDA:0,(anonymous_10)
FNDA:0,(anonymous_11)
FNDA:0,(anonymous_12)
FNDA:0,(anonymous_13)
FNDA:0,(anonymous_14)
FNDA:0,(anonymous_15)
FNDA:0,(anonymous_16)
DA:1,0
DA:2,0
DA:3,0
DA:4,0
DA:9,0
DA:16,0
DA:17,0
DA:18,0
DA:20,0
DA:22,0
DA:27,0
DA:28,0
DA:34,0
DA:41,0
DA:42,0
DA:51,0
DA:52,0
DA:53,0
DA:54,0
DA:56,0
DA:58,0
DA:63,0
DA:64,0
DA:70,0
DA:77,0
DA:78,0
DA:90,0
DA:91,0
DA:92,0
DA:94,0
DA:96,0
DA:98,0
DA:99,0
DA:105,0
DA:112,0
DA:113,0
DA:122,0
DA:123,0
DA:124,0
DA:126,0
DA:128,0
DA:130,0
DA:131,0
DA:137,0
DA:144,0
DA:145,0
DA:157,0
DA:158,0
DA:159,0
DA:161,0
DA:163,0
DA:168,0
DA:169,0
DA:175,0
DA:182,0
DA:183,0
DA:195,0
DA:196,0
DA:197,0
DA:199,0
DA:201,0
DA:203,0
DA:204,0
DA:210,0
DA:217,0
DA:218,0
DA:230,0
DA:231,0
DA:232,0
DA:234,0
DA:236,0
DA:241,0
DA:242,0
DA:248,0
DA:255,0
DA:256,0
DA:268,0
DA:269,0
DA:270,0
DA:272,0
DA:274,0
DA:279,0
DA:280,0
DA:286,0
DA:293,0
DA:294,0
DA:306,0
DA:307,0
DA:308,0
DA:310,0
DA:312,0
DA:317,0
DA:318,0
DA:324,0
DA:331,0
DA:332,0
DA:341,0
DA:342,0
DA:343,0
DA:345,0
DA:347,0
DA:349,0
DA:350,0
DA:356,0
DA:363,0
DA:364,0
DA:376,0
DA:377,0
DA:378,0
DA:380,0
DA:382,0
DA:387,0
DA:388,0
DA:394,0
DA:401,0
DA:402,0
DA:411,0
DA:412,0
DA:413,0
DA:415,0
DA:417,0
DA:419,0
DA:420,0
DA:426,0
DA:433,0
DA:434,0
DA:443,0
DA:444,0
DA:445,0
DA:446,0
DA:448,0
DA:450,0
DA:452,0
DA:453,0
DA:459,0
DA:466,0
DA:467,0
DA:479,0
DA:480,0
DA:481,0
DA:483,0
DA:485,0
DA:487,0
DA:488,0
DA:494,0
DA:501,0
DA:502,0
DA:511,0
DA:512,0
DA:513,0
DA:514,0
DA:516,0
DA:518,0
DA:520,0
DA:521,0
DA:527,0
DA:534,0
DA:535,0
DA:544,0
DA:545,0
DA:547,0
DA:549,0
DA:550,0
DA:556,0
DA:563,0
DA:564,0
DA:573,0
LF:167
LH:0
BRDA:9,0,0,0
BRDA:9,0,1,0
BRDA:27,1,0,0
BRDA:27,1,1,0
BRDA:63,2,0,0
BRDA:63,2,1,0
BRDA:98,3,0,0
BRDA:98,3,1,0
BRDA:130,4,0,0
BRDA:130,4,1,0
BRDA:168,5,0,0
BRDA:168,5,1,0
BRDA:203,6,0,0
BRDA:203,6,1,0
BRDA:241,7,0,0
BRDA:241,7,1,0
BRDA:279,8,0,0
BRDA:279,8,1,0
BRDA:317,9,0,0
BRDA:317,9,1,0
BRDA:349,10,0,0
BRDA:349,10,1,0
BRDA:387,11,0,0
BRDA:387,11,1,0
BRDA:419,12,0,0
BRDA:419,12,1,0
BRDA:452,13,0,0
BRDA:452,13,1,0
BRDA:487,14,0,0
BRDA:487,14,1,0
BRDA:520,15,0,0
BRDA:520,15,1,0
BRDA:549,16,0,0
BRDA:549,16,1,0
BRF:34
BRH:0
end_of_record
TN:
SF:src\controllers\clientController.js
FN:2,(anonymous_0)
FN:3,(anonymous_1)
FN:4,(anonymous_2)
FN:5,(anonymous_3)
FNF:4
FNH:0
FNDA:0,(anonymous_0)
FNDA:0,(anonymous_1)
FNDA:0,(anonymous_2)
FNDA:0,(anonymous_3)
DA:1,0
DA:2,0
DA:3,0
DA:4,0
DA:5,0
LF:5
LH:0
BRF:0
BRH:0
end_of_record
TN:
SF:src\controllers\commissionController.js
FN:2,(anonymous_0)
FN:3,(anonymous_1)
FN:4,(anonymous_2)
FN:5,(anonymous_3)
FN:6,(anonymous_4)
FNF:5
FNH:0
FNDA:0,(anonymous_0)
FNDA:0,(anonymous_1)
FNDA:0,(anonymous_2)
FNDA:0,(anonymous_3)
FNDA:0,(anonymous_4)
DA:1,0
DA:2,0
DA:3,0
DA:4,0
DA:5,0
DA:6,0
LF:6
LH:0
BRF:0
BRH:0
end_of_record
TN:
SF:src\controllers\complianceController.js
FN:9,(anonymous_0)
FN:44,(anonymous_1)
FN:79,(anonymous_2)
FN:113,(anonymous_3)
FN:148,(anonymous_4)
FN:180,(anonymous_5)
FN:212,(anonymous_6)
FN:257,(anonymous_7)
FN:297,(anonymous_8)
FN:340,(anonymous_9)
FN:356,(anonymous_10)
FN:379,(anonymous_11)
FN:412,(anonymous_12)
FN:442,(anonymous_13)
FN:484,(anonymous_14)
FN:488,(anonymous_15)
FN:489,(anonymous_16)
FN:490,(anonymous_17)
FN:501,(anonymous_18)
FN:503,(anonymous_19)
FN:516,(anonymous_20)
FNF:21
FNH:0
FNDA:0,(anonymous_0)
FNDA:0,(anonymous_1)
FNDA:0,(anonymous_2)
FNDA:0,(anonymous_3)
FNDA:0,(anonymous_4)
FNDA:0,(anonymous_5)
FNDA:0,(anonymous_6)
FNDA:0,(anonymous_7)
FNDA:0,(anonymous_8)
FNDA:0,(anonymous_9)
FNDA:0,(anonymous_10)
FNDA:0,(anonymous_11)
FNDA:0,(anonymous_12)
FNDA:0,(anonymous_13)
FNDA:0,(anonymous_14)
FNDA:0,(anonymous_15)
FNDA:0,(anonymous_16)
FNDA:0,(anonymous_17)
FNDA:0,(anonymous_18)
FNDA:0,(anonymous_19)
FNDA:0,(anonymous_20)
DA:1,0
DA:2,0
DA:3,0
DA:10,0
DA:11,0
DA:13,0
DA:14,0
DA:16,0
DA:18,0
DA:19,0
DA:25,0
DA:32,0
DA:33,0
DA:45,0
DA:46,0
DA:48,0
DA:49,0
DA:51,0
DA:53,0
DA:54,0
DA:60,0
DA:67,0
DA:68,0
DA:80,0
DA:81,0
DA:83,0
DA:85,0
DA:87,0
DA:88,0
DA:94,0
DA:101,0
DA:102,0
DA:114,0
DA:115,0
DA:117,0
DA:118,0
DA:120,0
DA:122,0
DA:123,0
DA:129,0
DA:136,0
DA:137,0
DA:149,0
DA:150,0
DA:152,0
DA:154,0
DA:155,0
DA:161,0
DA:168,0
DA:169,0
DA:181,0
DA:182,0
DA:184,0
DA:186,0
DA:187,0
DA:193,0
DA:200,0
DA:201,0
DA:213,0
DA:214,0
DA:216,0
DA:219,0
DA:221,0
DA:222,0
DA:229,0
DA:239,0
DA:245,0
DA:246,0
DA:258,0
DA:259,0
DA:266,0
DA:272,0
DA:279,0
DA:285,0
DA:286,0
DA:298,0
DA:299,0
DA:301,0
DA:302,0
DA:304,0
DA:306,0
DA:307,0
DA:314,0
DA:322,0
DA:328,0
DA:329,0
DA:341,0
DA:342,0
DA:344,0
DA:346,0
DA:347,0
DA:354,0
DA:356,0
DA:361,0
DA:367,0
DA:368,0
DA:380,0
DA:381,0
DA:383,0
DA:384,0
DA:387,0
DA:388,0
DA:389,0
DA:390,0
DA:392,0
DA:399,0
DA:400,0
DA:408,0
DA:409,0
DA:411,0
DA:412,0
DA:413,0
DA:414,0
DA:415,0
DA:423,0
DA:430,0
DA:431,0
DA:443,0
DA:444,0
DA:446,0
DA:453,0
DA:459,0
DA:468,0
DA:474,0
DA:475,0
DA:485,0
DA:486,0
DA:488,0
DA:489,0
DA:490,0
DA:493,0
DA:494,0
DA:496,0
DA:497,0
DA:502,0
DA:503,0
DA:504,0
DA:506,0
DA:507,0
DA:508,0
DA:509,0
DA:511,0
DA:512,0
DA:517,0
DA:519,0
DA:528,0
DA:529,0
DA:541,0
LF:148
LH:0
BRDA:18,0,0,0
BRDA:18,0,1,0
BRDA:53,1,0,0
BRDA:53,1,1,0
BRDA:87,2,0,0
BRDA:87,2,1,0
BRDA:122,3,0,0
BRDA:122,3,1,0
BRDA:154,4,0,0
BRDA:154,4,1,0
BRDA:186,5,0,0
BRDA:186,5,1,0
BRDA:221,6,0,0
BRDA:221,6,1,0
BRDA:273,7,0,0
BRDA:273,7,1,0
BRDA:274,8,0,0
BRDA:274,8,1,0
BRDA:302,9,0,0
BRDA:302,9,1,0
BRDA:306,10,0,0
BRDA:306,10,1,0
BRDA:346,11,0,0
BRDA:346,11,1,0
BRDA:387,12,0,0
BRDA:387,12,1,0
BRDA:389,13,0,0
BRDA:389,13,1,0
BRDA:399,14,0,0
BRDA:399,14,1,0
BRDA:411,15,0,0
BRDA:411,15,1,0
BRDA:413,16,0,0
BRDA:413,16,1,0
BRDA:460,17,0,0
BRDA:460,17,1,0
BRDA:461,18,0,0
BRDA:461,18,1,0
BRDA:462,19,0,0
BRDA:462,19,1,0
BRDA:463,20,0,0
BRDA:463,20,1,0
BRDA:464,21,0,0
BRDA:464,21,1,0
BRDA:486,22,0,0
BRDA:486,22,1,0
BRDA:506,23,0,0
BRDA:506,23,1,0
BRDA:507,24,0,0
BRDA:507,24,1,0
BRDA:508,25,0,0
BRDA:508,25,1,0
BRF:52
BRH:0
end_of_record
TN:
SF:src\controllers\dashboardController.js
FN:9,(anonymous_0)
FN:30,(anonymous_1)
FN:51,(anonymous_2)
FN:72,(anonymous_3)
FN:94,(anonymous_4)
FN:115,(anonymous_5)
FN:136,(anonymous_6)
FN:157,(anonymous_7)
FN:178,(anonymous_8)
FN:199,(anonymous_9)
FN:220,(anonymous_10)
FN:241,(anonymous_11)
FN:306,(anonymous_12)
FNF:13
FNH:0
FNDA:0,(anonymous_0)
FNDA:0,(anonymous_1)
FNDA:0,(anonymous_2)
FNDA:0,(anonymous_3)
FNDA:0,(anonymous_4)
FNDA:0,(anonymous_5)
FNDA:0,(anonymous_6)
FNDA:0,(anonymous_7)
FNDA:0,(anonymous_8)
FNDA:0,(anonymous_9)
FNDA:0,(anonymous_10)
FNDA:0,(anonymous_11)
FNDA:0,(anonymous_12)
DA:1,0
DA:2,0
DA:3,0
DA:10,0
DA:11,0
DA:12,0
DA:15,0
DA:17,0
DA:19,0
DA:22,0
DA:23,0
DA:31,0
DA:32,0
DA:33,0
DA:36,0
DA:38,0
DA:40,0
DA:43,0
DA:44,0
DA:52,0
DA:53,0
DA:54,0
DA:57,0
DA:59,0
DA:61,0
DA:64,0
DA:65,0
DA:73,0
DA:74,0
DA:75,0
DA:78,0
DA:79,0
DA:81,0
DA:83,0
DA:86,0
DA:87,0
DA:95,0
DA:96,0
DA:97,0
DA:100,0
DA:102,0
DA:104,0
DA:107,0
DA:108,0
DA:116,0
DA:117,0
DA:118,0
DA:121,0
DA:123,0
DA:125,0
DA:128,0
DA:129,0
DA:137,0
DA:138,0
DA:139,0
DA:142,0
DA:144,0
DA:146,0
DA:149,0
DA:150,0
DA:158,0
DA:159,0
DA:160,0
DA:163,0
DA:165,0
DA:167,0
DA:170,0
DA:171,0
DA:179,0
DA:180,0
DA:181,0
DA:184,0
DA:186,0
DA:188,0
DA:191,0
DA:192,0
DA:200,0
DA:201,0
DA:202,0
DA:205,0
DA:207,0
DA:209,0
DA:212,0
DA:213,0
DA:221,0
DA:222,0
DA:223,0
DA:226,0
DA:228,0
DA:230,0
DA:233,0
DA:234,0
DA:242,0
DA:243,0
DA:244,0
DA:246,0
DA:249,0
DA:250,0
DA:253,0
DA:255,0
DA:257,0
DA:274,0
DA:277,0
DA:279,0
DA:282,0
DA:299,0
DA:307,0
DA:308,0
DA:309,0
DA:311,0
DA:314,0
DA:315,0
DA:323,0
DA:329,0
DA:331,0
DA:333,0
DA:353,0
DA:356,0
DA:358,0
DA:361,0
DA:381,0
DA:386,0
LF:122
LH:0
BRDA:11,0,0,0
BRDA:11,0,1,0
BRDA:32,1,0,0
BRDA:32,1,1,0
BRDA:53,2,0,0
BRDA:53,2,1,0
BRDA:74,3,0,0
BRDA:74,3,1,0
BRDA:78,4,0,0
BRDA:96,5,0,0
BRDA:96,5,1,0
BRDA:117,6,0,0
BRDA:117,6,1,0
BRDA:138,7,0,0
BRDA:138,7,1,0
BRDA:159,8,0,0
BRDA:159,8,1,0
BRDA:180,9,0,0
BRDA:180,9,1,0
BRDA:201,10,0,0
BRDA:201,10,1,0
BRDA:222,11,0,0
BRDA:222,11,1,0
BRDA:243,12,0,0
BRDA:243,12,1,0
BRDA:255,13,0,0
BRDA:255,13,1,0
BRDA:255,14,0,0
BRDA:255,14,1,0
BRDA:308,15,0,0
BRDA:308,15,1,0
BRDA:331,16,0,0
BRDA:331,16,1,0
BRF:33
BRH:0
end_of_record
TN:
SF:src\controllers\digioController.js
FN:7,(anonymous_0)
FN:15,(anonymous_1)
FN:50,(anonymous_2)
FN:82,(anonymous_3)
FN:118,(anonymous_4)
FN:153,(anonymous_5)
FN:185,(anonymous_6)
FN:221,(anonymous_7)
FN:253,(anonymous_8)
FN:291,(anonymous_9)
FN:326,(anonymous_10)
FN:358,(anonymous_11)
FN:390,(anonymous_12)
FN:425,(anonymous_13)
FN:457,(anonymous_14)
FN:490,(anonymous_15)
FN:519,(anonymous_16)
FN:554,(anonymous_17)
FN:577,(anonymous_18)
FN:600,(anonymous_19)
FNF:20
FNH:0
FNDA:0,(anonymous_0)
FNDA:0,(anonymous_1)
FNDA:0,(anonymous_2)
FNDA:0,(anonymous_3)
FNDA:0,(anonymous_4)
FNDA:0,(anonymous_5)
FNDA:0,(anonymous_6)
FNDA:0,(anonymous_7)
FNDA:0,(anonymous_8)
FNDA:0,(anonymous_9)
FNDA:0,(anonymous_10)
FNDA:0,(anonymous_11)
FNDA:0,(anonymous_12)
FNDA:0,(anonymous_13)
FNDA:0,(anonymous_14)
FNDA:0,(anonymous_15)
FNDA:0,(anonymous_16)
FNDA:0,(anonymous_17)
FNDA:0,(anonymous_18)
FNDA:0,(anonymous_19)
DA:1,0
DA:2,0
DA:3,0
DA:4,0
DA:9,0
DA:16,0
DA:17,0
DA:18,0
DA:20,0
DA:22,0
DA:27,0
DA:28,0
DA:34,0
DA:41,0
DA:42,0
DA:51,0
DA:52,0
DA:53,0
DA:55,0
DA:57,0
DA:59,0
DA:60,0
DA:66,0
DA:73,0
DA:74,0
DA:83,0
DA:84,0
DA:85,0
DA:86,0
DA:88,0
DA:90,0
DA:92,0
DA:93,0
DA:99,0
DA:106,0
DA:107,0
DA:119,0
DA:120,0
DA:121,0
DA:123,0
DA:125,0
DA:130,0
DA:131,0
DA:137,0
DA:144,0
DA:145,0
DA:154,0
DA:155,0
DA:156,0
DA:158,0
DA:160,0
DA:162,0
DA:163,0
DA:169,0
DA:176,0
DA:177,0
DA:186,0
DA:187,0
DA:188,0
DA:189,0
DA:191,0
DA:193,0
DA:195,0
DA:196,0
DA:202,0
DA:209,0
DA:210,0
DA:222,0
DA:223,0
DA:224,0
DA:226,0
DA:228,0
DA:230,0
DA:231,0
DA:237,0
DA:244,0
DA:245,0
DA:254,0
DA:255,0
DA:256,0
DA:258,0
DA:260,0
DA:265,0
DA:266,0
DA:272,0
DA:279,0
DA:280,0
DA:292,0
DA:293,0
DA:294,0
DA:296,0
DA:298,0
DA:303,0
DA:304,0
DA:310,0
DA:317,0
DA:318,0
DA:327,0
DA:328,0
DA:329,0
DA:331,0
DA:333,0
DA:335,0
DA:336,0
DA:342,0
DA:349,0
DA:350,0
DA:359,0
DA:360,0
DA:361,0
DA:363,0
DA:365,0
DA:367,0
DA:368,0
DA:374,0
DA:381,0
DA:382,0
DA:391,0
DA:392,0
DA:393,0
DA:395,0
DA:397,0
DA:399,0
DA:400,0
DA:406,0
DA:413,0
DA:414,0
DA:426,0
DA:427,0
DA:428,0
DA:430,0
DA:432,0
DA:434,0
DA:435,0
DA:441,0
DA:448,0
DA:449,0
DA:458,0
DA:459,0
DA:460,0
DA:461,0
DA:463,0
DA:465,0
DA:467,0
DA:468,0
DA:474,0
DA:481,0
DA:482,0
DA:491,0
DA:492,0
DA:494,0
DA:496,0
DA:497,0
DA:503,0
DA:510,0
DA:511,0
DA:520,0
DA:521,0
DA:522,0
DA:524,0
DA:526,0
DA:528,0
DA:529,0
DA:535,0
DA:542,0
DA:543,0
DA:555,0
DA:556,0
DA:558,0
DA:563,0
DA:568,0
DA:569,0
DA:578,0
DA:579,0
DA:581,0
DA:586,0
DA:591,0
DA:592,0
DA:601,0
DA:602,0
DA:604,0
DA:609,0
DA:614,0
DA:615,0
DA:624,0
LF:185
LH:0
BRDA:9,0,0,0
BRDA:9,0,1,0
BRDA:27,1,0,0
BRDA:27,1,1,0
BRDA:59,2,0,0
BRDA:59,2,1,0
BRDA:92,3,0,0
BRDA:92,3,1,0
BRDA:130,4,0,0
BRDA:130,4,1,0
BRDA:162,5,0,0
BRDA:162,5,1,0
BRDA:195,6,0,0
BRDA:195,6,1,0
BRDA:230,7,0,0
BRDA:230,7,1,0
BRDA:265,8,0,0
BRDA:265,8,1,0
BRDA:303,9,0,0
BRDA:303,9,1,0
BRDA:335,10,0,0
BRDA:335,10,1,0
BRDA:367,11,0,0
BRDA:367,11,1,0
BRDA:399,12,0,0
BRDA:399,12,1,0
BRDA:434,13,0,0
BRDA:434,13,1,0
BRDA:467,14,0,0
BRDA:467,14,1,0
BRDA:496,15,0,0
BRDA:496,15,1,0
BRDA:528,16,0,0
BRDA:528,16,1,0
BRF:34
BRH:0
end_of_record
TN:
SF:src\controllers\index.js
FNF:0
FNH:0
DA:2,0
DA:8,0
LF:2
LH:0
BRF:0
BRH:0
end_of_record
TN:
SF:src\controllers\kycController.js
FN:4,(anonymous_0)
FN:13,(anonymous_1)
FN:22,(anonymous_2)
FNF:3
FNH:0
FNDA:0,(anonymous_0)
FNDA:0,(anonymous_1)
FNDA:0,(anonymous_2)
DA:1,0
DA:3,0
DA:5,0
DA:6,0
DA:7,0
DA:9,0
DA:10,0
DA:14,0
DA:15,0
DA:16,0
DA:18,0
DA:19,0
DA:23,0
DA:24,0
DA:25,0
DA:27,0
DA:28,0
LF:17
LH:0
BRF:0
BRH:0
end_of_record
TN:
SF:src\controllers\leaderboardController.js
FN:9,(anonymous_0)
FN:37,(anonymous_1)
FN:66,(anonymous_2)
FN:116,(anonymous_3)
FN:137,(anonymous_4)
FN:158,(anonymous_5)
FN:179,(anonymous_6)
FN:200,(anonymous_7)
FN:237,(anonymous_8)
FN:258,(anonymous_9)
FN:288,(anonymous_10)
FN:300,(anonymous_11)
FNF:12
FNH:0
FNDA:0,(anonymous_0)
FNDA:0,(anonymous_1)
FNDA:0,(anonymous_2)
FNDA:0,(anonymous_3)
FNDA:0,(anonymous_4)
FNDA:0,(anonymous_5)
FNDA:0,(anonymous_6)
FNDA:0,(anonymous_7)
FNDA:0,(anonymous_8)
FNDA:0,(anonymous_9)
FNDA:0,(anonymous_10)
FNDA:0,(anonymous_11)
DA:1,0
DA:2,0
DA:3,0
DA:10,0
DA:11,0
DA:14,0
DA:15,0
DA:18,0
DA:20,0
DA:22,0
DA:23,0
DA:26,0
DA:29,0
DA:30,0
DA:38,0
DA:39,0
DA:41,0
DA:42,0
DA:44,0
DA:45,0
DA:46,0
DA:47,0
DA:48,0
DA:51,0
DA:55,0
DA:58,0
DA:59,0
DA:67,0
DA:68,0
DA:69,0
DA:72,0
DA:75,0
DA:76,0
DA:80,0
DA:81,0
DA:85,0
DA:86,0
DA:87,0
DA:91,0
DA:98,0
DA:105,0
DA:108,0
DA:109,0
DA:117,0
DA:118,0
DA:119,0
DA:122,0
DA:124,0
DA:126,0
DA:129,0
DA:130,0
DA:138,0
DA:139,0
DA:140,0
DA:143,0
DA:145,0
DA:147,0
DA:150,0
DA:151,0
DA:159,0
DA:160,0
DA:161,0
DA:164,0
DA:166,0
DA:168,0
DA:171,0
DA:172,0
DA:180,0
DA:181,0
DA:182,0
DA:185,0
DA:187,0
DA:189,0
DA:192,0
DA:193,0
DA:201,0
DA:202,0
DA:204,0
DA:205,0
DA:208,0
DA:210,0
DA:212,0
DA:213,0
DA:216,0
DA:226,0
DA:229,0
DA:230,0
DA:238,0
DA:239,0
DA:240,0
DA:243,0
DA:245,0
DA:246,0
DA:249,0
DA:251,0
DA:253,0
DA:254,0
DA:258,0
DA:261,0
DA:264,0
DA:265,0
DA:272,0
DA:280,0
DA:281,0
DA:289,0
DA:290,0
DA:292,0
DA:293,0
DA:301,0
DA:302,0
DA:304,0
DA:305,0
DA:310,0
LF:113
LH:0
BRDA:14,0,0,0
BRDA:14,0,1,0
BRDA:22,1,0,0
BRDA:22,1,1,0
BRDA:47,2,0,0
BRDA:47,2,1,0
BRDA:68,3,0,0
BRDA:68,3,1,0
BRDA:75,4,0,0
BRDA:75,4,1,0
BRDA:75,5,0,0
BRDA:75,5,1,0
BRDA:80,6,0,0
BRDA:80,6,1,0
BRDA:85,7,0,0
BRDA:85,7,1,0
BRDA:86,8,0,0
BRDA:86,8,1,0
BRDA:86,9,0,0
BRDA:86,9,1,0
BRDA:86,9,2,0
BRDA:118,10,0,0
BRDA:118,10,1,0
BRDA:139,11,0,0
BRDA:139,11,1,0
BRDA:160,12,0,0
BRDA:160,12,1,0
BRDA:181,13,0,0
BRDA:181,13,1,0
BRDA:204,14,0,0
BRDA:204,14,1,0
BRDA:212,15,0,0
BRDA:212,15,1,0
BRDA:221,16,0,0
BRDA:221,16,1,0
BRDA:222,17,0,0
BRDA:222,17,1,0
BRDA:239,18,0,0
BRDA:239,18,1,0
BRDA:245,19,0,0
BRDA:245,19,1,0
BRDA:253,20,0,0
BRDA:253,20,1,0
BRDA:264,21,0,0
BRDA:264,21,1,0
BRF:45
BRH:0
end_of_record
TN:
SF:src\controllers\learningController.js
FN:39,(anonymous_0)
FN:112,(anonymous_1)
FN:191,(anonymous_2)
FN:278,(anonymous_3)
FN:354,(anonymous_4)
FN:427,(anonymous_5)
FN:492,(anonymous_6)
FN:542,(anonymous_7)
FN:582,(anonymous_8)
FN:633,(anonymous_9)
FNF:10
FNH:0
FNDA:0,(anonymous_0)
FNDA:0,(anonymous_1)
FNDA:0,(anonymous_2)
FNDA:0,(anonymous_3)
FNDA:0,(anonymous_4)
FNDA:0,(anonymous_5)
FNDA:0,(anonymous_6)
FNDA:0,(anonymous_7)
FNDA:0,(anonymous_8)
FNDA:0,(anonymous_9)
DA:1,0
DA:2,0
DA:3,0
DA:40,0
DA:41,0
DA:43,0
DA:44,0
DA:50,0
DA:52,0
DA:53,0
DA:56,0
DA:58,0
DA:59,0
DA:113,0
DA:114,0
DA:116,0
DA:117,0
DA:123,0
DA:124,0
DA:125,0
DA:131,0
DA:133,0
DA:134,0
DA:137,0
DA:139,0
DA:140,0
DA:192,0
DA:193,0
DA:194,0
DA:196,0
DA:197,0
DA:203,0
DA:204,0
DA:210,0
DA:212,0
DA:213,0
DA:216,0
DA:218,0
DA:219,0
DA:279,0
DA:280,0
DA:281,0
DA:283,0
DA:284,0
DA:290,0
DA:291,0
DA:297,0
DA:298,0
DA:304,0
DA:306,0
DA:307,0
DA:310,0
DA:312,0
DA:313,0
DA:355,0
DA:356,0
DA:358,0
DA:359,0
DA:365,0
DA:367,0
DA:368,0
DA:371,0
DA:373,0
DA:374,0
DA:428,0
DA:429,0
DA:430,0
DA:432,0
DA:433,0
DA:439,0
DA:440,0
DA:446,0
DA:448,0
DA:450,0
DA:451,0
DA:493,0
DA:494,0
DA:496,0
DA:497,0
DA:503,0
DA:505,0
DA:506,0
DA:509,0
DA:511,0
DA:512,0
DA:543,0
DA:544,0
DA:546,0
DA:551,0
DA:552,0
DA:583,0
DA:584,0
DA:586,0
DA:591,0
DA:592,0
DA:634,0
DA:635,0
DA:637,0
DA:638,0
DA:645,0
DA:661,0
DA:666,0
DA:667,0
DA:676,0
LF:104
LH:0
BRDA:43,0,0,0
BRDA:43,0,1,0
BRDA:52,1,0,0
BRDA:52,1,1,0
BRDA:116,2,0,0
BRDA:116,2,1,0
BRDA:124,3,0,0
BRDA:124,3,1,0
BRDA:124,4,0,0
BRDA:124,4,1,0
BRDA:133,5,0,0
BRDA:133,5,1,0
BRDA:196,6,0,0
BRDA:196,6,1,0
BRDA:203,7,0,0
BRDA:203,7,1,0
BRDA:212,8,0,0
BRDA:212,8,1,0
BRDA:283,9,0,0
BRDA:283,9,1,0
BRDA:290,10,0,0
BRDA:290,10,1,0
BRDA:297,11,0,0
BRDA:297,11,1,0
BRDA:297,12,0,0
BRDA:297,12,1,0
BRDA:306,13,0,0
BRDA:306,13,1,0
BRDA:358,14,0,0
BRDA:358,14,1,0
BRDA:367,15,0,0
BRDA:367,15,1,0
BRDA:430,16,0,0
BRDA:432,17,0,0
BRDA:432,17,1,0
BRDA:439,18,0,0
BRDA:439,18,1,0
BRDA:496,19,0,0
BRDA:496,19,1,0
BRDA:505,20,0,0
BRDA:505,20,1,0
BRDA:637,21,0,0
BRDA:637,21,1,0
BRF:43
BRH:0
end_of_record
TN:
SF:src\controllers\marketAnalyticsController.js
FN:9,(anonymous_0)
FN:44,(anonymous_1)
FN:79,(anonymous_2)
FN:111,(anonymous_3)
FN:143,(anonymous_4)
FN:175,(anonymous_5)
FN:207,(anonymous_6)
FN:255,(anonymous_7)
FN:302,(anonymous_8)
FN:345,(anonymous_9)
FN:390,(anonymous_10)
FN:435,(anonymous_11)
FN:474,(anonymous_12)
FN:490,(anonymous_13)
FN:502,(anonymous_14)
FNF:15
FNH:0
FNDA:0,(anonymous_0)
FNDA:0,(anonymous_1)
FNDA:0,(anonymous_2)
FNDA:0,(anonymous_3)
FNDA:0,(anonymous_4)
FNDA:0,(anonymous_5)
FNDA:0,(anonymous_6)
FNDA:0,(anonymous_7)
FNDA:0,(anonymous_8)
FNDA:0,(anonymous_9)
FNDA:0,(anonymous_10)
FNDA:0,(anonymous_11)
FNDA:0,(anonymous_12)
FNDA:0,(anonymous_13)
FNDA:0,(anonymous_14)
DA:1,0
DA:2,0
DA:3,0
DA:10,0
DA:11,0
DA:13,0
DA:14,0
DA:16,0
DA:18,0
DA:19,0
DA:25,0
DA:32,0
DA:33,0
DA:45,0
DA:46,0
DA:48,0
DA:49,0
DA:51,0
DA:53,0
DA:54,0
DA:60,0
DA:67,0
DA:68,0
DA:80,0
DA:81,0
DA:83,0
DA:85,0
DA:86,0
DA:92,0
DA:99,0
DA:100,0
DA:112,0
DA:113,0
DA:115,0
DA:117,0
DA:118,0
DA:124,0
DA:131,0
DA:132,0
DA:144,0
DA:145,0
DA:147,0
DA:149,0
DA:150,0
DA:156,0
DA:163,0
DA:164,0
DA:176,0
DA:177,0
DA:179,0
DA:181,0
DA:182,0
DA:188,0
DA:195,0
DA:196,0
DA:208,0
DA:209,0
DA:211,0
DA:220,0
DA:228,0
DA:237,0
DA:243,0
DA:244,0
DA:256,0
DA:257,0
DA:259,0
DA:260,0
DA:263,0
DA:265,0
DA:266,0
DA:274,0
DA:284,0
DA:290,0
DA:291,0
DA:303,0
DA:304,0
DA:306,0
DA:307,0
DA:309,0
DA:311,0
DA:312,0
DA:319,0
DA:327,0
DA:333,0
DA:334,0
DA:346,0
DA:347,0
DA:349,0
DA:350,0
DA:352,0
DA:354,0
DA:355,0
DA:362,0
DA:372,0
DA:378,0
DA:379,0
DA:391,0
DA:392,0
DA:394,0
DA:396,0
DA:397,0
DA:404,0
DA:417,0
DA:423,0
DA:424,0
DA:436,0
DA:437,0
DA:439,0
DA:441,0
DA:442,0
DA:449,0
DA:458,0
DA:464,0
DA:465,0
DA:475,0
DA:476,0
DA:479,0
DA:480,0
DA:489,0
DA:490,0
DA:491,0
DA:501,0
DA:502,0
DA:503,0
DA:512,0
DA:514,0
DA:515,0
DA:520,0
LF:128
LH:0
BRDA:14,0,0,0
BRDA:14,0,1,0
BRDA:18,1,0,0
BRDA:18,1,1,0
BRDA:49,2,0,0
BRDA:49,2,1,0
BRDA:53,3,0,0
BRDA:53,3,1,0
BRDA:85,4,0,0
BRDA:85,4,1,0
BRDA:117,5,0,0
BRDA:117,5,1,0
BRDA:149,6,0,0
BRDA:149,6,1,0
BRDA:181,7,0,0
BRDA:181,7,1,0
BRDA:229,8,0,0
BRDA:229,8,1,0
BRDA:230,9,0,0
BRDA:230,9,1,0
BRDA:231,10,0,0
BRDA:231,10,1,0
BRDA:232,11,0,0
BRDA:232,11,1,0
BRDA:233,12,0,0
BRDA:233,12,1,0
BRDA:265,13,0,0
BRDA:265,13,1,0
BRDA:276,14,0,0
BRDA:276,14,1,0
BRDA:277,15,0,0
BRDA:277,15,1,0
BRDA:278,16,0,0
BRDA:278,16,1,0
BRDA:279,17,0,0
BRDA:279,17,1,0
BRDA:307,18,0,0
BRDA:307,18,1,0
BRDA:311,19,0,0
BRDA:311,19,1,0
BRDA:350,20,0,0
BRDA:350,20,1,0
BRDA:354,21,0,0
BRDA:354,21,1,0
BRDA:396,22,0,0
BRDA:396,22,1,0
BRDA:441,23,0,0
BRDA:441,23,1,0
BRDA:479,24,0,0
BRDA:479,24,1,0
BRDA:489,25,0,0
BRDA:489,25,1,0
BRDA:501,26,0,0
BRDA:501,26,1,0
BRF:54
BRH:0
end_of_record
TN:
SF:src\controllers\notificationController.js
FN:2,(anonymous_0)
FN:3,(anonymous_1)
FN:4,(anonymous_2)
FNF:3
FNH:0
FNDA:0,(anonymous_0)
FNDA:0,(anonymous_1)
FNDA:0,(anonymous_2)
DA:1,0
DA:2,0
DA:3,0
DA:4,0
LF:4
LH:0
BRF:0
BRH:0
end_of_record
TN:
SF:src\controllers\ollamaController.js
FN:9,(anonymous_0)
FN:20,(anonymous_1)
FN:40,(anonymous_2)
FN:101,(anonymous_3)
FN:141,(anonymous_4)
FN:149,(anonymous_5)
FN:177,(anonymous_6)
FN:218,(anonymous_7)
FN:260,(anonymous_8)
FN:312,(anonymous_9)
FN:354,(anonymous_10)
FN:423,(anonymous_11)
FN:450,(anonymous_12)
FNF:13
FNH:0
FNDA:0,(anonymous_0)
FNDA:0,(anonymous_1)
FNDA:0,(anonymous_2)
FNDA:0,(anonymous_3)
FNDA:0,(anonymous_4)
FNDA:0,(anonymous_5)
FNDA:0,(anonymous_6)
FNDA:0,(anonymous_7)
FNDA:0,(anonymous_8)
FNDA:0,(anonymous_9)
FNDA:0,(anonymous_10)
FNDA:0,(anonymous_11)
FNDA:0,(anonymous_12)
DA:1,0
DA:2,0
DA:3,0
DA:4,0
DA:5,0
DA:6,0
DA:10,0
DA:11,0
DA:12,0
DA:13,0
DA:14,0
DA:21,0
DA:22,0
DA:23,0
DA:26,0
DA:27,0
DA:29,0
DA:30,0
DA:32,0
DA:33,0
DA:41,0
DA:42,0
DA:44,0
DA:45,0
DA:51,0
DA:54,0
DA:57,0
DA:64,0
DA:65,0
DA:66,0
DA:69,0
DA:85,0
DA:86,0
DA:89,0
DA:90,0
DA:102,0
DA:103,0
DA:105,0
DA:108,0
DA:109,0
DA:110,0
DA:113,0
DA:125,0
DA:126,0
DA:129,0
DA:130,0
DA:142,0
DA:143,0
DA:144,0
DA:146,0
DA:149,0
DA:161,0
DA:164,0
DA:165,0
DA:178,0
DA:179,0
DA:181,0
DA:183,0
DA:184,0
DA:187,0
DA:189,0
DA:202,0
DA:203,0
DA:206,0
DA:207,0
DA:219,0
DA:220,0
DA:222,0
DA:223,0
DA:229,0
DA:231,0
DA:233,0
DA:244,0
DA:245,0
DA:248,0
DA:249,0
DA:261,0
DA:262,0
DA:264,0
DA:265,0
DA:271,0
DA:273,0
DA:275,0
DA:277,0
DA:279,0
DA:290,0
DA:291,0
DA:293,0
DA:300,0
DA:301,0
DA:313,0
DA:314,0
DA:316,0
DA:317,0
DA:323,0
DA:325,0
DA:327,0
DA:338,0
DA:339,0
DA:342,0
DA:343,0
DA:355,0
DA:356,0
DA:372,0
DA:373,0
DA:374,0
DA:376,0
DA:380,0
DA:381,0
DA:382,0
DA:384,0
DA:388,0
DA:389,0
DA:391,0
DA:395,0
DA:396,0
DA:398,0
DA:402,0
DA:403,0
DA:404,0
DA:407,0
DA:410,0
DA:411,0
DA:424,0
DA:425,0
DA:427,0
DA:435,0
DA:438,0
DA:439,0
DA:451,0
DA:452,0
DA:454,0
DA:464,0
DA:467,0
DA:468,0
DA:478,0
LF:136
LH:0
BRDA:44,0,0,0
BRDA:44,0,1,0
BRDA:65,1,0,0
BRDA:65,1,1,0
BRDA:144,2,0,0
BRDA:144,2,1,0
BRDA:222,3,0,0
BRDA:222,3,1,0
BRDA:264,4,0,0
BRDA:264,4,1,0
BRDA:264,5,0,0
BRDA:264,5,1,0
BRDA:275,6,0,0
BRDA:275,6,1,0
BRDA:314,7,0,0
BRDA:316,8,0,0
BRDA:316,8,1,0
BRDA:334,9,0,0
BRDA:334,9,1,0
BRDA:403,10,0,0
BRDA:403,10,1,0
BRDA:457,11,0,0
BRDA:457,11,1,0
BRF:23
BRH:0
end_of_record
TN:
SF:src\controllers\pdfStatementController.js
FN:12,(anonymous_0)
FN:113,(anonymous_1)
FN:136,(anonymous_2)
FN:165,(anonymous_3)
FN:182,(anonymous_4)
FN:199,(anonymous_5)
FN:206,(anonymous_6)
FN:222,(anonymous_7)
FN:285,(anonymous_8)
FN:350,(anonymous_9)
FNF:10
FNH:0
FNDA:0,(anonymous_0)
FNDA:0,(anonymous_1)
FNDA:0,(anonymous_2)
FNDA:0,(anonymous_3)
FNDA:0,(anonymous_4)
FNDA:0,(anonymous_5)
FNDA:0,(anonymous_6)
FNDA:0,(anonymous_7)
FNDA:0,(anonymous_8)
FNDA:0,(anonymous_9)
DA:1,0
DA:2,0
DA:3,0
DA:6,0
DA:13,0
DA:14,0
DA:15,0
DA:18,0
DA:21,0
DA:26,0
DA:27,0
DA:30,0
DA:37,0
DA:38,0
DA:39,0
DA:43,0
DA:44,0
DA:45,0
DA:49,0
DA:52,0
DA:55,0
DA:63,0
DA:66,0
DA:72,0
DA:74,0
DA:78,0
DA:91,0
DA:92,0
DA:93,0
DA:96,0
DA:98,0
DA:105,0
DA:106,0
DA:114,0
DA:115,0
DA:116,0
DA:118,0
DA:120,0
DA:128,0
DA:129,0
DA:137,0
DA:138,0
DA:139,0
DA:141,0
DA:143,0
DA:157,0
DA:158,0
DA:166,0
DA:167,0
DA:169,0
DA:171,0
DA:172,0
DA:178,0
DA:182,0
DA:191,0
DA:192,0
DA:200,0
DA:201,0
DA:202,0
DA:206,0
DA:214,0
DA:215,0
DA:223,0
DA:224,0
DA:275,0
DA:277,0
DA:278,0
DA:286,0
DA:287,0
DA:288,0
DA:291,0
DA:293,0
DA:299,0
DA:300,0
DA:301,0
DA:305,0
DA:306,0
DA:307,0
DA:311,0
DA:314,0
DA:317,0
DA:325,0
DA:330,0
DA:340,0
DA:342,0
DA:343,0
DA:351,0
DA:352,0
DA:354,0
DA:355,0
DA:360,0
LF:91
LH:0
BRDA:14,0,0,0
BRDA:14,0,1,0
BRDA:18,1,0,0
BRDA:26,2,0,0
BRDA:26,2,1,0
BRDA:38,3,0,0
BRDA:38,3,1,0
BRDA:44,4,0,0
BRDA:44,4,1,0
BRDA:68,5,0,0
BRDA:68,5,1,0
BRDA:72,6,0,0
BRDA:72,6,1,0
BRDA:118,7,0,0
BRDA:118,7,1,0
BRDA:122,8,0,0
BRDA:122,8,1,0
BRDA:141,9,0,0
BRDA:141,9,1,0
BRDA:171,10,0,0
BRDA:171,10,1,0
BRDA:171,11,0,0
BRDA:171,11,1,0
BRDA:171,11,2,0
BRDA:287,12,0,0
BRDA:287,12,1,0
BRDA:291,13,0,0
BRDA:300,14,0,0
BRDA:300,14,1,0
BRDA:306,15,0,0
BRDA:306,15,1,0
BRDA:327,16,0,0
BRDA:327,16,1,0
BRF:33
BRH:0
end_of_record
TN:
SF:src\controllers\regionalLanguageController.js
FN:9,(anonymous_0)
FN:42,(anonymous_1)
FN:89,(anonymous_2)
FN:124,(anonymous_3)
FN:166,(anonymous_4)
FN:208,(anonymous_5)
FN:255,(anonymous_6)
FN:301,(anonymous_7)
FN:343,(anonymous_8)
FNF:9
FNH:0
FNDA:0,(anonymous_0)
FNDA:0,(anonymous_1)
FNDA:0,(anonymous_2)
FNDA:0,(anonymous_3)
FNDA:0,(anonymous_4)
FNDA:0,(anonymous_5)
FNDA:0,(anonymous_6)
FNDA:0,(anonymous_7)
FNDA:0,(anonymous_8)
DA:1,0
DA:2,0
DA:10,0
DA:11,0
DA:13,0
DA:15,0
DA:16,0
DA:22,0
DA:29,0
DA:30,0
DA:43,0
DA:44,0
DA:45,0
DA:47,0
DA:49,0
DA:50,0
DA:56,0
DA:62,0
DA:63,0
DA:69,0
DA:76,0
DA:77,0
DA:90,0
DA:91,0
DA:93,0
DA:95,0
DA:97,0
DA:98,0
DA:104,0
DA:111,0
DA:112,0
DA:125,0
DA:126,0
DA:128,0
DA:130,0
DA:131,0
DA:137,0
DA:139,0
DA:140,0
DA:146,0
DA:153,0
DA:154,0
DA:167,0
DA:168,0
DA:170,0
DA:172,0
DA:173,0
DA:179,0
DA:181,0
DA:182,0
DA:188,0
DA:195,0
DA:196,0
DA:209,0
DA:210,0
DA:211,0
DA:213,0
DA:215,0
DA:216,0
DA:222,0
DA:228,0
DA:229,0
DA:235,0
DA:242,0
DA:243,0
DA:256,0
DA:257,0
DA:259,0
DA:261,0
DA:262,0
DA:268,0
DA:274,0
DA:275,0
DA:281,0
DA:288,0
DA:289,0
DA:302,0
DA:303,0
DA:305,0
DA:307,0
DA:308,0
DA:314,0
DA:316,0
DA:317,0
DA:323,0
DA:330,0
DA:331,0
DA:344,0
DA:345,0
DA:347,0
DA:349,0
DA:350,0
DA:356,0
DA:358,0
DA:359,0
DA:365,0
DA:372,0
DA:373,0
DA:382,0
LF:99
LH:0
BRDA:15,0,0,0
BRDA:15,0,1,0
BRDA:49,1,0,0
BRDA:49,1,1,0
BRDA:62,2,0,0
BRDA:62,2,1,0
BRDA:97,3,0,0
BRDA:97,3,1,0
BRDA:130,4,0,0
BRDA:130,4,1,0
BRDA:130,5,0,0
BRDA:130,5,1,0
BRDA:130,5,2,0
BRDA:139,6,0,0
BRDA:139,6,1,0
BRDA:172,7,0,0
BRDA:172,7,1,0
BRDA:181,8,0,0
BRDA:181,8,1,0
BRDA:215,9,0,0
BRDA:215,9,1,0
BRDA:215,10,0,0
BRDA:215,10,1,0
BRDA:228,11,0,0
BRDA:228,11,1,0
BRDA:261,12,0,0
BRDA:261,12,1,0
BRDA:261,13,0,0
BRDA:261,13,1,0
BRDA:274,14,0,0
BRDA:274,14,1,0
BRDA:307,15,0,0
BRDA:307,15,1,0
BRDA:316,16,0,0
BRDA:316,16,1,0
BRDA:349,17,0,0
BRDA:349,17,1,0
BRDA:358,18,0,0
BRDA:358,18,1,0
BRF:39
BRH:0
end_of_record
TN:
SF:src\controllers\rewardController.js
FN:2,(anonymous_0)
FN:3,(anonymous_1)
FNF:2
FNH:0
FNDA:0,(anonymous_0)
FNDA:0,(anonymous_1)
DA:1,0
DA:2,0
DA:3,0
LF:3
LH:0
BRF:0
BRH:0
end_of_record
TN:
SF:src\controllers\rewardsController.js
FN:9,(anonymous_0)
FN:33,(anonymous_1)
FN:66,(anonymous_2)
FN:103,(anonymous_3)
FN:134,(anonymous_4)
FN:181,(anonymous_5)
FN:219,(anonymous_6)
FN:244,(anonymous_7)
FN:277,(anonymous_8)
FN:300,(anonymous_9)
FN:328,(anonymous_10)
FN:334,(anonymous_11)
FN:358,(anonymous_12)
FNF:13
FNH:0
FNDA:0,(anonymous_0)
FNDA:0,(anonymous_1)
FNDA:0,(anonymous_2)
FNDA:0,(anonymous_3)
FNDA:0,(anonymous_4)
FNDA:0,(anonymous_5)
FNDA:0,(anonymous_6)
FNDA:0,(anonymous_7)
FNDA:0,(anonymous_8)
FNDA:0,(anonymous_9)
FNDA:0,(anonymous_10)
FNDA:0,(anonymous_11)
FNDA:0,(anonymous_12)
DA:1,0
DA:2,0
DA:10,0
DA:11,0
DA:13,0
DA:15,0
DA:20,0
DA:21,0
DA:34,0
DA:35,0
DA:36,0
DA:38,0
DA:46,0
DA:48,0
DA:53,0
DA:54,0
DA:67,0
DA:68,0
DA:69,0
DA:71,0
DA:72,0
DA:78,0
DA:85,0
DA:90,0
DA:91,0
DA:104,0
DA:105,0
DA:107,0
DA:108,0
DA:114,0
DA:116,0
DA:121,0
DA:122,0
DA:135,0
DA:136,0
DA:138,0
DA:139,0
DA:145,0
DA:154,0
DA:160,0
DA:168,0
DA:169,0
DA:182,0
DA:183,0
DA:186,0
DA:187,0
DA:190,0
DA:191,0
DA:197,0
DA:206,0
DA:207,0
DA:220,0
DA:221,0
DA:222,0
DA:224,0
DA:226,0
DA:231,0
DA:232,0
DA:245,0
DA:246,0
DA:247,0
DA:249,0
DA:250,0
DA:256,0
DA:258,0
DA:264,0
DA:265,0
DA:278,0
DA:279,0
DA:281,0
DA:287,0
DA:288,0
DA:301,0
DA:302,0
DA:304,0
DA:305,0
DA:307,0
DA:315,0
DA:316,0
DA:329,0
DA:330,0
DA:333,0
DA:334,0
DA:335,0
DA:336,0
DA:339,0
DA:341,0
DA:342,0
DA:343,0
DA:345,0
DA:346,0
DA:359,0
DA:360,0
DA:362,0
DA:363,0
DA:369,0
DA:371,0
DA:376,0
DA:377,0
DA:386,0
LF:100
LH:0
BRDA:39,0,0,0
BRDA:39,0,1,0
BRDA:40,1,0,0
BRDA:40,1,1,0
BRDA:71,2,0,0
BRDA:71,2,1,0
BRDA:81,3,0,0
BRDA:81,3,1,0
BRDA:82,4,0,0
BRDA:82,4,1,0
BRDA:107,5,0,0
BRDA:107,5,1,0
BRDA:138,6,0,0
BRDA:138,6,1,0
BRDA:138,7,0,0
BRDA:138,7,1,0
BRDA:138,7,2,0
BRDA:138,7,3,0
BRDA:190,8,0,0
BRDA:190,8,1,0
BRDA:222,9,0,0
BRDA:222,9,1,0
BRDA:249,10,0,0
BRDA:249,10,1,0
BRDA:336,11,0,0
BRDA:336,11,1,0
BRDA:336,12,0,0
BRDA:336,12,1,0
BRDA:336,13,0,0
BRDA:336,13,1,0
BRDA:336,14,0,0
BRDA:336,14,1,0
BRDA:362,15,0,0
BRDA:362,15,1,0
BRF:34
BRH:0
end_of_record
TN:
SF:src\controllers\roboAdvisorController.js
FN:9,(anonymous_0)
FN:44,(anonymous_1)
FN:79,(anonymous_2)
FN:97,(anonymous_3)
FN:113,(anonymous_4)
FN:147,(anonymous_5)
FN:181,(anonymous_6)
FN:216,(anonymous_7)
FN:237,(anonymous_8)
FN:260,(anonymous_9)
FN:279,(anonymous_10)
FN:281,(anonymous_11)
FN:303,(anonymous_12)
FN:322,(anonymous_13)
FN:323,(anonymous_14)
FN:324,(anonymous_15)
FN:348,(anonymous_16)
FN:369,(anonymous_17)
FN:391,(anonymous_18)
FN:410,(anonymous_19)
FN:411,(anonymous_20)
FN:413,(anonymous_21)
FN:435,(anonymous_22)
FN:485,(anonymous_23)
FN:545,(anonymous_24)
FN:549,(anonymous_25)
FNF:26
FNH:0
FNDA:0,(anonymous_0)
FNDA:0,(anonymous_1)
FNDA:0,(anonymous_2)
FNDA:0,(anonymous_3)
FNDA:0,(anonymous_4)
FNDA:0,(anonymous_5)
FNDA:0,(anonymous_6)
FNDA:0,(anonymous_7)
FNDA:0,(anonymous_8)
FNDA:0,(anonymous_9)
FNDA:0,(anonymous_10)
FNDA:0,(anonymous_11)
FNDA:0,(anonymous_12)
FNDA:0,(anonymous_13)
FNDA:0,(anonymous_14)
FNDA:0,(anonymous_15)
FNDA:0,(anonymous_16)
FNDA:0,(anonymous_17)
FNDA:0,(anonymous_18)
FNDA:0,(anonymous_19)
FNDA:0,(anonymous_20)
FNDA:0,(anonymous_21)
FNDA:0,(anonymous_22)
FNDA:0,(anonymous_23)
FNDA:0,(anonymous_24)
FNDA:0,(anonymous_25)
DA:1,0
DA:2,0
DA:3,0
DA:10,0
DA:11,0
DA:13,0
DA:14,0
DA:16,0
DA:18,0
DA:19,0
DA:25,0
DA:32,0
DA:33,0
DA:45,0
DA:46,0
DA:48,0
DA:49,0
DA:51,0
DA:53,0
DA:54,0
DA:60,0
DA:67,0
DA:68,0
DA:80,0
DA:81,0
DA:83,0
DA:86,0
DA:87,0
DA:89,0
DA:91,0
DA:97,0
DA:101,0
DA:102,0
DA:114,0
DA:115,0
DA:117,0
DA:119,0
DA:121,0
DA:122,0
DA:128,0
DA:135,0
DA:136,0
DA:148,0
DA:149,0
DA:151,0
DA:153,0
DA:155,0
DA:156,0
DA:162,0
DA:169,0
DA:170,0
DA:182,0
DA:183,0
DA:185,0
DA:186,0
DA:188,0
DA:190,0
DA:191,0
DA:197,0
DA:204,0
DA:205,0
DA:217,0
DA:218,0
DA:220,0
DA:223,0
DA:225,0
DA:226,0
DA:233,0
DA:237,0
DA:242,0
DA:248,0
DA:249,0
DA:261,0
DA:262,0
DA:264,0
DA:267,0
DA:269,0
DA:270,0
DA:277,0
DA:279,0
DA:281,0
DA:285,0
DA:291,0
DA:292,0
DA:304,0
DA:305,0
DA:307,0
DA:310,0
DA:312,0
DA:313,0
DA:320,0
DA:322,0
DA:323,0
DA:324,0
DA:330,0
DA:336,0
DA:337,0
DA:349,0
DA:350,0
DA:352,0
DA:355,0
DA:357,0
DA:358,0
DA:365,0
DA:369,0
DA:373,0
DA:379,0
DA:380,0
DA:392,0
DA:393,0
DA:395,0
DA:398,0
DA:400,0
DA:401,0
DA:408,0
DA:410,0
DA:411,0
DA:413,0
DA:417,0
DA:423,0
DA:424,0
DA:436,0
DA:437,0
DA:439,0
DA:448,0
DA:456,0
DA:467,0
DA:473,0
DA:474,0
DA:486,0
DA:487,0
DA:489,0
DA:490,0
DA:494,0
DA:496,0
DA:497,0
DA:499,0
DA:500,0
DA:503,0
DA:504,0
DA:505,0
DA:506,0
DA:508,0
DA:509,0
DA:511,0
DA:512,0
DA:514,0
DA:521,0
DA:522,0
DA:528,0
DA:535,0
DA:536,0
DA:546,0
DA:547,0
DA:549,0
DA:550,0
DA:552,0
DA:553,0
DA:558,0
LF:159
LH:0
BRDA:18,0,0,0
BRDA:18,0,1,0
BRDA:53,1,0,0
BRDA:53,1,1,0
BRDA:121,2,0,0
BRDA:121,2,1,0
BRDA:155,3,0,0
BRDA:155,3,1,0
BRDA:190,4,0,0
BRDA:190,4,1,0
BRDA:225,5,0,0
BRDA:225,5,1,0
BRDA:269,6,0,0
BRDA:269,6,1,0
BRDA:312,7,0,0
BRDA:312,7,1,0
BRDA:357,8,0,0
BRDA:357,8,1,0
BRDA:400,9,0,0
BRDA:400,9,1,0
BRDA:457,10,0,0
BRDA:457,10,1,0
BRDA:458,11,0,0
BRDA:458,11,1,0
BRDA:460,12,0,0
BRDA:460,12,1,0
BRDA:461,13,0,0
BRDA:461,13,1,0
BRDA:462,14,0,0
BRDA:462,14,1,0
BRDA:463,15,0,0
BRDA:463,15,1,0
BRDA:494,16,0,0
BRDA:494,16,1,0
BRDA:494,16,2,0
BRDA:494,16,3,0
BRDA:494,16,4,0
BRDA:494,16,5,0
BRDA:521,17,0,0
BRDA:521,17,1,0
BRDA:547,18,0,0
BRDA:547,18,1,0
BRF:42
BRH:0
end_of_record
TN:
SF:src\controllers\settingsController.js
FN:3,(anonymous_0)
FN:8,(anonymous_1)
FN:13,(anonymous_2)
FN:18,(anonymous_3)
FNF:4
FNH:0
FNDA:0,(anonymous_0)
FNDA:0,(anonymous_1)
FNDA:0,(anonymous_2)
FNDA:0,(anonymous_3)
DA:1,0
DA:4,0
DA:9,0
DA:14,0
DA:19,0
LF:5
LH:0
BRF:0
BRH:0
end_of_record
TN:
SF:src\controllers\smartSipController.js
FN:10,(anonymous_0)
FN:54,(anonymous_1)
FN:75,(anonymous_2)
FN:100,(anonymous_3)
FN:128,(anonymous_4)
FN:155,(anonymous_5)
FN:182,(anonymous_6)
FN:207,(anonymous_7)
FN:230,(anonymous_8)
FN:257,(anonymous_9)
FNF:10
FNH:0
FNDA:0,(anonymous_0)
FNDA:0,(anonymous_1)
FNDA:0,(anonymous_2)
FNDA:0,(anonymous_3)
FNDA:0,(anonymous_4)
FNDA:0,(anonymous_5)
FNDA:0,(anonymous_6)
FNDA:0,(anonymous_7)
FNDA:0,(anonymous_8)
FNDA:0,(anonymous_9)
DA:1,0
DA:2,0
DA:3,0
DA:4,0
DA:11,0
DA:12,0
DA:13,0
DA:16,0
DA:19,0
DA:20,0
DA:24,0
DA:25,0
DA:29,0
DA:30,0
DA:33,0
DA:35,0
DA:43,0
DA:46,0
DA:47,0
DA:55,0
DA:56,0
DA:57,0
DA:60,0
DA:62,0
DA:64,0
DA:67,0
DA:68,0
DA:76,0
DA:77,0
DA:78,0
DA:81,0
DA:83,0
DA:85,0
DA:86,0
DA:89,0
DA:92,0
DA:93,0
DA:101,0
DA:102,0
DA:103,0
DA:106,0
DA:108,0
DA:110,0
DA:117,0
DA:120,0
DA:121,0
DA:129,0
DA:130,0
DA:131,0
DA:134,0
DA:136,0
DA:137,0
DA:140,0
DA:142,0
DA:144,0
DA:147,0
DA:148,0
DA:156,0
DA:157,0
DA:158,0
DA:161,0
DA:163,0
DA:165,0
DA:167,0
DA:170,0
DA:173,0
DA:175,0
DA:183,0
DA:184,0
DA:185,0
DA:188,0
DA:190,0
DA:192,0
DA:193,0
DA:196,0
DA:199,0
DA:200,0
DA:208,0
DA:209,0
DA:210,0
DA:213,0
DA:215,0
DA:217,0
DA:219,0
DA:222,0
DA:223,0
DA:231,0
DA:232,0
DA:233,0
DA:236,0
DA:239,0
DA:240,0
DA:242,0
DA:243,0
DA:246,0
DA:249,0
DA:250,0
DA:258,0
DA:259,0
DA:260,0
DA:263,0
DA:265,0
DA:267,0
DA:270,0
DA:271,0
DA:276,0
LF:106
LH:0
BRDA:12,0,0,0
BRDA:12,0,1,0
BRDA:19,1,0,0
BRDA:19,1,1,0
BRDA:19,2,0,0
BRDA:19,2,1,0
BRDA:19,2,2,0
BRDA:24,3,0,0
BRDA:24,3,1,0
BRDA:29,4,0,0
BRDA:29,4,1,0
BRDA:29,5,0,0
BRDA:29,5,1,0
BRDA:56,6,0,0
BRDA:56,6,1,0
BRDA:77,7,0,0
BRDA:77,7,1,0
BRDA:85,8,0,0
BRDA:85,8,1,0
BRDA:102,9,0,0
BRDA:102,9,1,0
BRDA:130,10,0,0
BRDA:130,10,1,0
BRDA:136,11,0,0
BRDA:136,11,1,0
BRDA:157,12,0,0
BRDA:157,12,1,0
BRDA:165,13,0,0
BRDA:165,13,1,0
BRDA:184,14,0,0
BRDA:184,14,1,0
BRDA:192,15,0,0
BRDA:192,15,1,0
BRDA:209,16,0,0
BRDA:209,16,1,0
BRDA:213,17,0,0
BRDA:232,18,0,0
BRDA:232,18,1,0
BRDA:259,19,0,0
BRDA:259,19,1,0
BRF:40
BRH:0
end_of_record
TN:
SF:src\controllers\socialInvestingController.js
FN:9,(anonymous_0)
FN:44,(anonymous_1)
FN:87,(anonymous_2)
FN:123,(anonymous_3)
FN:166,(anonymous_4)
FN:209,(anonymous_5)
FN:244,(anonymous_6)
FN:287,(anonymous_7)
FN:330,(anonymous_8)
FN:365,(anonymous_9)
FN:408,(anonymous_10)
FN:457,(anonymous_11)
FN:562,(anonymous_12)
FNF:13
FNH:0
FNDA:0,(anonymous_0)
FNDA:0,(anonymous_1)
FNDA:0,(anonymous_2)
FNDA:0,(anonymous_3)
FNDA:0,(anonymous_4)
FNDA:0,(anonymous_5)
FNDA:0,(anonymous_6)
FNDA:0,(anonymous_7)
FNDA:0,(anonymous_8)
FNDA:0,(anonymous_9)
FNDA:0,(anonymous_10)
FNDA:0,(anonymous_11)
FNDA:0,(anonymous_12)
DA:1,0
DA:2,0
DA:10,0
DA:11,0
DA:13,0
DA:15,0
DA:17,0
DA:18,0
DA:24,0
DA:31,0
DA:32,0
DA:45,0
DA:46,0
DA:47,0
DA:49,0
DA:51,0
DA:52,0
DA:58,0
DA:60,0
DA:61,0
DA:67,0
DA:74,0
DA:75,0
DA:88,0
DA:89,0
DA:90,0
DA:92,0
DA:94,0
DA:96,0
DA:97,0
DA:103,0
DA:110,0
DA:111,0
DA:124,0
DA:125,0
DA:126,0
DA:128,0
DA:130,0
DA:131,0
DA:137,0
DA:139,0
DA:140,0
DA:146,0
DA:153,0
DA:154,0
DA:167,0
DA:168,0
DA:169,0
DA:171,0
DA:173,0
DA:174,0
DA:180,0
DA:182,0
DA:183,0
DA:189,0
DA:196,0
DA:197,0
DA:210,0
DA:211,0
DA:213,0
DA:215,0
DA:217,0
DA:218,0
DA:224,0
DA:231,0
DA:232,0
DA:245,0
DA:246,0
DA:247,0
DA:249,0
DA:251,0
DA:252,0
DA:258,0
DA:260,0
DA:261,0
DA:267,0
DA:274,0
DA:275,0
DA:288,0
DA:289,0
DA:290,0
DA:292,0
DA:294,0
DA:295,0
DA:301,0
DA:303,0
DA:304,0
DA:310,0
DA:317,0
DA:318,0
DA:331,0
DA:332,0
DA:334,0
DA:336,0
DA:338,0
DA:339,0
DA:345,0
DA:352,0
DA:353,0
DA:366,0
DA:367,0
DA:368,0
DA:370,0
DA:372,0
DA:373,0
DA:379,0
DA:381,0
DA:382,0
DA:388,0
DA:395,0
DA:396,0
DA:409,0
DA:410,0
DA:412,0
DA:435,0
DA:444,0
DA:445,0
DA:458,0
DA:459,0
DA:461,0
DA:540,0
DA:549,0
DA:550,0
DA:563,0
DA:564,0
DA:566,0
DA:647,0
DA:656,0
DA:657,0
DA:666,0
LF:130
LH:0
BRDA:17,0,0,0
BRDA:17,0,1,0
BRDA:51,1,0,0
BRDA:51,1,1,0
BRDA:60,2,0,0
BRDA:60,2,1,0
BRDA:96,3,0,0
BRDA:96,3,1,0
BRDA:130,4,0,0
BRDA:130,4,1,0
BRDA:139,5,0,0
BRDA:139,5,1,0
BRDA:173,6,0,0
BRDA:173,6,1,0
BRDA:173,7,0,0
BRDA:173,7,1,0
BRDA:182,8,0,0
BRDA:182,8,1,0
BRDA:217,9,0,0
BRDA:217,9,1,0
BRDA:251,10,0,0
BRDA:251,10,1,0
BRDA:260,11,0,0
BRDA:260,11,1,0
BRDA:294,12,0,0
BRDA:294,12,1,0
BRDA:294,13,0,0
BRDA:294,13,1,0
BRDA:303,14,0,0
BRDA:303,14,1,0
BRDA:338,15,0,0
BRDA:338,15,1,0
BRDA:372,16,0,0
BRDA:372,16,1,0
BRDA:372,17,0,0
BRDA:372,17,1,0
BRDA:372,17,2,0
BRDA:381,18,0,0
BRDA:381,18,1,0
BRF:39
BRH:0
end_of_record
TN:
SF:src\controllers\tierOutreachController.js
FN:9,(anonymous_0)
FN:45,(anonymous_1)
FN:81,(anonymous_2)
FN:124,(anonymous_3)
FN:159,(anonymous_4)
FN:195,(anonymous_5)
FN:230,(anonymous_6)
FN:265,(anonymous_7)
FN:326,(anonymous_8)
FN:383,(anonymous_9)
FNF:10
FNH:0
FNDA:0,(anonymous_0)
FNDA:0,(anonymous_1)
FNDA:0,(anonymous_2)
FNDA:0,(anonymous_3)
FNDA:0,(anonymous_4)
FNDA:0,(anonymous_5)
FNDA:0,(anonymous_6)
FNDA:0,(anonymous_7)
FNDA:0,(anonymous_8)
FNDA:0,(anonymous_9)
DA:1,0
DA:2,0
DA:10,0
DA:11,0
DA:12,0
DA:14,0
DA:16,0
DA:18,0
DA:19,0
DA:25,0
DA:32,0
DA:33,0
DA:46,0
DA:47,0
DA:48,0
DA:50,0
DA:52,0
DA:54,0
DA:55,0
DA:61,0
DA:68,0
DA:69,0
DA:82,0
DA:83,0
DA:84,0
DA:86,0
DA:88,0
DA:89,0
DA:95,0
DA:97,0
DA:98,0
DA:104,0
DA:111,0
DA:112,0
DA:125,0
DA:126,0
DA:128,0
DA:130,0
DA:132,0
DA:133,0
DA:139,0
DA:146,0
DA:147,0
DA:160,0
DA:161,0
DA:162,0
DA:164,0
DA:166,0
DA:168,0
DA:169,0
DA:175,0
DA:182,0
DA:183,0
DA:196,0
DA:197,0
DA:199,0
DA:201,0
DA:203,0
DA:204,0
DA:210,0
DA:217,0
DA:218,0
DA:231,0
DA:232,0
DA:234,0
DA:236,0
DA:238,0
DA:239,0
DA:245,0
DA:252,0
DA:253,0
DA:266,0
DA:267,0
DA:269,0
DA:304,0
DA:313,0
DA:314,0
DA:327,0
DA:328,0
DA:330,0
DA:361,0
DA:370,0
DA:371,0
DA:384,0
DA:385,0
DA:387,0
DA:426,0
DA:435,0
DA:436,0
DA:445,0
LF:90
LH:0
BRDA:18,0,0,0
BRDA:18,0,1,0
BRDA:54,1,0,0
BRDA:54,1,1,0
BRDA:88,2,0,0
BRDA:88,2,1,0
BRDA:88,3,0,0
BRDA:88,3,1,0
BRDA:97,4,0,0
BRDA:97,4,1,0
BRDA:132,5,0,0
BRDA:132,5,1,0
BRDA:168,6,0,0
BRDA:168,6,1,0
BRDA:203,7,0,0
BRDA:203,7,1,0
BRDA:238,8,0,0
BRDA:238,8,1,0
BRF:18
BRH:0
end_of_record
TN:
SF:src\controllers\transactionController.js
FN:2,(anonymous_0)
FN:3,(anonymous_1)
FNF:2
FNH:0
FNDA:0,(anonymous_0)
FNDA:0,(anonymous_1)
DA:1,0
DA:2,0
DA:3,0
LF:3
LH:0
BRF:0
BRH:0
end_of_record
TN:
SF:src\controllers\voiceBotController.js
FN:10,(anonymous_0)
FN:45,(anonymous_1)
FN:80,(anonymous_2)
FN:115,(anonymous_3)
FN:154,(anonymous_4)
FN:156,(anonymous_5)
FN:172,(anonymous_6)
FN:190,(anonymous_7)
FN:225,(anonymous_8)
FN:275,(anonymous_9)
FN:326,(anonymous_10)
FN:362,(anonymous_11)
FN:388,(anonymous_12)
FN:404,(anonymous_13)
FNF:14
FNH:0
FNDA:0,(anonymous_0)
FNDA:0,(anonymous_1)
FNDA:0,(anonymous_2)
FNDA:0,(anonymous_3)
FNDA:0,(anonymous_4)
FNDA:0,(anonymous_5)
FNDA:0,(anonymous_6)
FNDA:0,(anonymous_7)
FNDA:0,(anonymous_8)
FNDA:0,(anonymous_9)
FNDA:0,(anonymous_10)
FNDA:0,(anonymous_11)
FNDA:0,(anonymous_12)
FNDA:0,(anonymous_13)
DA:1,0
DA:2,0
DA:3,0
DA:4,0
DA:11,0
DA:12,0
DA:13,0
DA:16,0
DA:17,0
DA:21,0
DA:22,0
DA:23,0
DA:27,0
DA:29,0
DA:30,0
DA:33,0
DA:35,0
DA:37,0
DA:38,0
DA:46,0
DA:47,0
DA:48,0
DA:51,0
DA:52,0
DA:56,0
DA:57,0
DA:58,0
DA:62,0
DA:64,0
DA:65,0
DA:68,0
DA:70,0
DA:72,0
DA:73,0
DA:81,0
DA:82,0
DA:83,0
DA:86,0
DA:87,0
DA:91,0
DA:92,0
DA:93,0
DA:97,0
DA:99,0
DA:100,0
DA:103,0
DA:105,0
DA:107,0
DA:108,0
DA:116,0
DA:117,0
DA:118,0
DA:121,0
DA:122,0
DA:126,0
DA:127,0
DA:128,0
DA:132,0
DA:134,0
DA:135,0
DA:138,0
DA:144,0
DA:146,0
DA:147,0
DA:155,0
DA:156,0
DA:162,0
DA:164,0
DA:165,0
DA:173,0
DA:174,0
DA:180,0
DA:182,0
DA:183,0
DA:191,0
DA:192,0
DA:193,0
DA:196,0
DA:197,0
DA:201,0
DA:202,0
DA:203,0
DA:207,0
DA:209,0
DA:210,0
DA:213,0
DA:215,0
DA:217,0
DA:218,0
DA:226,0
DA:227,0
DA:228,0
DA:231,0
DA:232,0
DA:233,0
DA:237,0
DA:258,0
DA:260,0
DA:267,0
DA:268,0
DA:276,0
DA:277,0
DA:278,0
DA:281,0
DA:282,0
DA:283,0
DA:287,0
DA:316,0
DA:318,0
DA:319,0
DA:327,0
DA:328,0
DA:329,0
DA:332,0
DA:333,0
DA:334,0
DA:338,0
DA:339,0
DA:343,0
DA:350,0
DA:352,0
DA:354,0
DA:355,0
DA:363,0
DA:364,0
DA:367,0
DA:368,0
DA:369,0
DA:373,0
DA:380,0
DA:382,0
DA:383,0
DA:389,0
DA:401,0
DA:405,0
DA:417,0
DA:421,0
LF:137
LH:0
BRDA:13,0,0,0
BRDA:16,1,0,0
BRDA:16,1,1,0
BRDA:22,2,0,0
BRDA:22,2,1,0
BRDA:29,3,0,0
BRDA:29,3,1,0
BRDA:48,4,0,0
BRDA:51,5,0,0
BRDA:51,5,1,0
BRDA:57,6,0,0
BRDA:57,6,1,0
BRDA:64,7,0,0
BRDA:64,7,1,0
BRDA:86,8,0,0
BRDA:86,8,1,0
BRDA:92,9,0,0
BRDA:92,9,1,0
BRDA:99,10,0,0
BRDA:99,10,1,0
BRDA:118,11,0,0
BRDA:121,12,0,0
BRDA:121,12,1,0
BRDA:127,13,0,0
BRDA:127,13,1,0
BRDA:134,14,0,0
BRDA:134,14,1,0
BRDA:193,15,0,0
BRDA:196,16,0,0
BRDA:196,16,1,0
BRDA:202,17,0,0
BRDA:202,17,1,0
BRDA:209,18,0,0
BRDA:209,18,1,0
BRDA:228,19,0,0
BRDA:228,20,0,0
BRDA:232,21,0,0
BRDA:232,21,1,0
BRDA:278,22,0,0
BRDA:282,23,0,0
BRDA:282,23,1,0
BRDA:333,24,0,0
BRDA:333,24,1,0
BRDA:338,25,0,0
BRDA:338,25,1,0
BRDA:338,26,0,0
BRDA:338,26,1,0
BRDA:344,27,0,0
BRDA:344,27,1,0
BRDA:345,28,0,0
BRDA:345,28,1,0
BRDA:346,29,0,0
BRDA:346,29,1,0
BRDA:347,30,0,0
BRDA:347,30,1,0
BRDA:368,31,0,0
BRDA:368,31,1,0
BRDA:401,32,0,0
BRDA:401,32,1,0
BRDA:417,33,0,0
BRDA:417,33,1,0
BRF:61
BRH:0
end_of_record
TN:
SF:src\controllers\whatsAppController.js
FN:23,(anonymous_0)
FN:117,(anonymous_1)
FN:157,(anonymous_2)
FN:193,(anonymous_3)
FN:213,(anonymous_4)
FN:241,(anonymous_5)
FN:271,(anonymous_6)
FN:299,(anonymous_7)
FN:322,(anonymous_8)
FN:333,(anonymous_9)
FN:346,(anonymous_10)
FN:364,(anonymous_11)
FN:377,(anonymous_12)
FN:406,(anonymous_13)
FN:419,(anonymous_14)
FN:439,(anonymous_15)
FN:477,(anonymous_16)
FN:495,(anonymous_17)
FN:522,(anonymous_18)
FN:573,(anonymous_19)
FNF:20
FNH:0
FNDA:0,(anonymous_0)
FNDA:0,(anonymous_1)
FNDA:0,(anonymous_2)
FNDA:0,(anonymous_3)
FNDA:0,(anonymous_4)
FNDA:0,(anonymous_5)
FNDA:0,(anonymous_6)
FNDA:0,(anonymous_7)
FNDA:0,(anonymous_8)
FNDA:0,(anonymous_9)
FNDA:0,(anonymous_10)
FNDA:0,(anonymous_11)
FNDA:0,(anonymous_12)
FNDA:0,(anonymous_13)
FNDA:0,(anonymous_14)
FNDA:0,(anonymous_15)
FNDA:0,(anonymous_16)
FNDA:0,(anonymous_17)
FNDA:0,(anonymous_18)
FNDA:0,(anonymous_19)
DA:1,0
DA:2,0
DA:3,0
DA:4,0
DA:5,0
DA:6,0
DA:17,0
DA:24,0
DA:26,0
DA:27,0
DA:29,0
DA:30,0
DA:32,0
DA:40,0
DA:42,0
DA:43,0
DA:49,0
DA:50,0
DA:57,0
DA:58,0
DA:59,0
DA:65,0
DA:66,0
DA:67,0
DA:75,0
DA:76,0
DA:78,0
DA:79,0
DA:80,0
DA:81,0
DA:82,0
DA:83,0
DA:84,0
DA:85,0
DA:86,0
DA:94,0
DA:95,0
DA:101,0
DA:106,0
DA:107,0
DA:118,0
DA:119,0
DA:121,0
DA:122,0
DA:128,0
DA:129,0
DA:135,0
DA:137,0
DA:138,0
DA:141,0
DA:146,0
DA:147,0
DA:158,0
DA:159,0
DA:161,0
DA:162,0
DA:168,0
DA:169,0
DA:175,0
DA:177,0
DA:182,0
DA:183,0
DA:194,0
DA:195,0
DA:197,0
DA:202,0
DA:203,0
DA:214,0
DA:215,0
DA:216,0
DA:218,0
DA:219,0
DA:225,0
DA:230,0
DA:231,0
DA:242,0
DA:243,0
DA:244,0
DA:246,0
DA:248,0
DA:249,0
DA:255,0
DA:260,0
DA:261,0
DA:272,0
DA:273,0
DA:274,0
DA:276,0
DA:277,0
DA:283,0
DA:288,0
DA:289,0
DA:300,0
DA:301,0
DA:302,0
DA:304,0
DA:306,0
DA:311,0
DA:312,0
DA:323,0
DA:324,0
DA:325,0
DA:327,0
DA:334,0
DA:335,0
DA:336,0
DA:338,0
DA:339,0
DA:347,0
DA:348,0
DA:350,0
DA:351,0
DA:353,0
DA:356,0
DA:357,0
DA:365,0
DA:366,0
DA:367,0
DA:369,0
DA:370,0
DA:378,0
DA:379,0
DA:381,0
DA:382,0
DA:385,0
DA:387,0
DA:388,0
DA:395,0
DA:398,0
DA:399,0
DA:407,0
DA:408,0
DA:409,0
DA:411,0
DA:412,0
DA:420,0
DA:421,0
DA:423,0
DA:424,0
DA:427,0
DA:429,0
DA:431,0
DA:432,0
DA:440,0
DA:441,0
DA:451,0
DA:453,0
DA:469,0
DA:470,0
DA:478,0
DA:479,0
DA:480,0
DA:485,0
DA:487,0
DA:488,0
DA:496,0
DA:497,0
DA:498,0
DA:500,0
DA:501,0
DA:504,0
DA:509,0
DA:514,0
DA:515,0
DA:523,0
DA:524,0
DA:525,0
DA:526,0
DA:528,0
DA:563,0
DA:565,0
DA:566,0
DA:574,0
DA:575,0
DA:576,0
DA:577,0
DA:579,0
DA:593,0
DA:595,0
DA:596,0
DA:601,0
LF:181
LH:0
BRDA:26,0,0,0
BRDA:26,0,1,0
BRDA:29,1,0,0
BRDA:29,1,1,0
BRDA:29,2,0,0
BRDA:29,2,1,0
BRDA:42,3,0,0
BRDA:42,3,1,0
BRDA:42,4,0,0
BRDA:42,4,1,0
BRDA:42,4,2,0
BRDA:49,5,0,0
BRDA:49,5,1,0
BRDA:49,6,0,0
BRDA:49,6,1,0
BRDA:49,6,2,0
BRDA:58,7,0,0
BRDA:58,7,1,0
BRDA:58,8,0,0
BRDA:58,8,1,0
BRDA:66,9,0,0
BRDA:66,9,1,0
BRDA:66,10,0,0
BRDA:66,10,1,0
BRDA:79,11,0,0
BRDA:79,11,1,0
BRDA:79,12,0,0
BRDA:79,12,1,0
BRDA:81,13,0,0
BRDA:81,13,1,0
BRDA:81,14,0,0
BRDA:81,14,1,0
BRDA:81,14,2,0
BRDA:84,15,0,0
BRDA:84,15,1,0
BRDA:84,16,0,0
BRDA:84,16,1,0
BRDA:84,16,2,0
BRDA:94,17,0,0
BRDA:94,17,1,0
BRDA:119,18,0,0
BRDA:121,19,0,0
BRDA:121,19,1,0
BRDA:121,20,0,0
BRDA:121,20,1,0
BRDA:128,21,0,0
BRDA:128,21,1,0
BRDA:137,22,0,0
BRDA:137,22,1,0
BRDA:137,23,0,0
BRDA:137,23,1,0
BRDA:159,24,0,0
BRDA:161,25,0,0
BRDA:161,25,1,0
BRDA:161,26,0,0
BRDA:161,26,1,0
BRDA:168,27,0,0
BRDA:168,27,1,0
BRDA:218,28,0,0
BRDA:218,28,1,0
BRDA:248,29,0,0
BRDA:248,29,1,0
BRDA:276,30,0,0
BRDA:276,30,1,0
BRDA:302,31,0,0
BRDA:302,32,0,0
BRDA:324,33,0,0
BRDA:324,33,1,0
BRDA:324,34,0,0
BRDA:324,34,1,0
BRDA:350,35,0,0
BRDA:350,35,1,0
BRDA:381,36,0,0
BRDA:381,36,1,0
BRDA:387,37,0,0
BRDA:387,37,1,0
BRDA:423,38,0,0
BRDA:423,38,1,0
BRDA:457,39,0,0
BRDA:457,39,1,0
BRDA:465,40,0,0
BRDA:465,40,1,0
BRDA:479,41,0,0
BRDA:500,42,0,0
BRDA:500,42,1,0
BRDA:524,43,0,0
BRDA:583,44,0,0
BRDA:583,44,1,0
BRDA:584,45,0,0
BRDA:584,45,1,0
BRF:90
BRH:0
end_of_record
TN:
SF:src\middleware\adminAuth.js
FN:12,(anonymous_0)
FN:37,(anonymous_1)
FN:74,(anonymous_2)
FN:75,(anonymous_3)
FN:93,(anonymous_4)
FN:94,(anonymous_5)
FN:110,(anonymous_6)
FN:142,(anonymous_7)
FN:167,(anonymous_8)
FN:176,(anonymous_9)
FN:183,(anonymous_10)
FN:202,(anonymous_11)
FN:203,(anonymous_12)
FN:207,(anonymous_13)
FN:230,(anonymous_14)
FN:244,(anonymous_15)
FN:259,(anonymous_16)
FN:271,(anonymous_17)
FN:291,(anonymous_18)
FNF:19
FNH:0
FNDA:0,(anonymous_0)
FNDA:0,(anonymous_1)
FNDA:0,(anonymous_2)
FNDA:0,(anonymous_3)
FNDA:0,(anonymous_4)
FNDA:0,(anonymous_5)
FNDA:0,(anonymous_6)
FNDA:0,(anonymous_7)
FNDA:0,(anonymous_8)
FNDA:0,(anonymous_9)
FNDA:0,(anonymous_10)
FNDA:0,(anonymous_11)
FNDA:0,(anonymous_12)
FNDA:0,(anonymous_13)
FNDA:0,(anonymous_14)
FNDA:0,(anonymous_15)
FNDA:0,(anonymous_16)
FNDA:0,(anonymous_17)
FNDA:0,(anonymous_18)
DA:1,0
DA:2,0
DA:3,0
DA:4,0
DA:5,0
DA:6,0
DA:13,0
DA:14,0
DA:16,0
DA:17,0
DA:20,0
DA:23,0
DA:25,0
DA:26,0
DA:30,0
DA:31,0
DA:35,0
DA:36,0
DA:37,0
DA:39,0
DA:40,0
DA:44,0
DA:49,0
DA:50,0
DA:53,0
DA:54,0
DA:55,0
DA:57,0
DA:59,0
DA:60,0
DA:62,0
DA:63,0
DA:66,0
DA:67,0
DA:75,0
DA:76,0
DA:77,0
DA:80,0
DA:82,0
DA:83,0
DA:86,0
DA:94,0
DA:95,0
DA:96,0
DA:99,0
DA:100,0
DA:103,0
DA:111,0
DA:112,0
DA:113,0
DA:117,0
DA:118,0
DA:122,0
DA:123,0
DA:124,0
DA:125,0
DA:128,0
DA:129,0
DA:132,0
DA:134,0
DA:135,0
DA:143,0
DA:144,0
DA:148,0
DA:149,0
DA:153,0
DA:154,0
DA:156,0
DA:157,0
DA:161,0
DA:172,0
DA:174,0
DA:176,0
DA:177,0
DA:178,0
DA:179,0
DA:182,0
DA:183,0
DA:186,0
DA:188,0
DA:189,0
DA:192,0
DA:193,0
DA:195,0
DA:203,0
DA:204,0
DA:205,0
DA:207,0
DA:208,0
DA:211,0
DA:231,0
DA:234,0
DA:237,0
DA:245,0
DA:246,0
DA:249,0
DA:250,0
DA:253,0
DA:260,0
DA:272,0
DA:273,0
DA:284,0
DA:292,0
DA:293,0
DA:294,0
DA:297,0
DA:299,0
DA:300,0
DA:304,0
DA:305,0
DA:309,0
DA:310,0
DA:312,0
DA:313,0
DA:317,0
DA:319,0
DA:320,0
DA:326,0
DA:329,0
LF:119
LH:0
BRDA:16,0,0,0
BRDA:16,0,1,0
BRDA:25,1,0,0
BRDA:25,1,1,0
BRDA:25,2,0,0
BRDA:25,2,1,0
BRDA:30,3,0,0
BRDA:30,3,1,0
BRDA:35,4,0,0
BRDA:35,4,1,0
BRDA:35,5,0,0
BRDA:35,5,1,0
BRDA:39,6,0,0
BRDA:39,6,1,0
BRDA:59,7,0,0
BRDA:59,7,1,0
BRDA:62,8,0,0
BRDA:62,8,1,0
BRDA:76,9,0,0
BRDA:76,9,1,0
BRDA:80,10,0,0
BRDA:80,10,1,0
BRDA:82,11,0,0
BRDA:82,11,1,0
BRDA:95,12,0,0
BRDA:95,12,1,0
BRDA:99,13,0,0
BRDA:99,13,1,0
BRDA:112,14,0,0
BRDA:112,14,1,0
BRDA:117,15,0,0
BRDA:117,15,1,0
BRDA:117,16,0,0
BRDA:117,16,1,0
BRDA:122,17,0,0
BRDA:122,17,1,0
BRDA:124,18,0,0
BRDA:124,18,1,0
BRDA:143,19,0,0
BRDA:143,19,1,0
BRDA:148,20,0,0
BRDA:148,20,1,0
BRDA:153,21,0,0
BRDA:153,21,1,0
BRDA:154,22,0,0
BRDA:154,22,1,0
BRDA:156,23,0,0
BRDA:156,23,1,0
BRDA:156,24,0,0
BRDA:156,24,1,0
BRDA:167,25,0,0
BRDA:169,26,0,0
BRDA:170,27,0,0
BRDA:171,28,0,0
BRDA:182,29,0,0
BRDA:182,29,1,0
BRDA:186,30,0,0
BRDA:186,30,1,0
BRDA:188,31,0,0
BRDA:188,31,1,0
BRDA:222,32,0,0
BRDA:222,32,1,0
BRDA:224,33,0,0
BRDA:224,33,1,0
BRDA:224,34,0,0
BRDA:224,34,1,0
BRDA:225,35,0,0
BRDA:225,35,1,0
BRDA:225,36,0,0
BRDA:225,36,1,0
BRDA:225,36,2,0
BRDA:245,37,0,0
BRDA:245,37,1,0
BRDA:245,38,0,0
BRDA:245,38,1,0
BRDA:249,39,0,0
BRDA:249,39,1,0
BRDA:249,40,0,0
BRDA:249,40,1,0
BRDA:260,41,0,0
BRDA:260,41,1,0
BRDA:260,41,2,0
BRDA:260,41,3,0
BRDA:260,41,4,0
BRDA:260,41,5,0
BRDA:263,42,0,0
BRDA:263,42,1,0
BRDA:271,43,0,0
BRDA:293,44,0,0
BRDA:293,44,1,0
BRDA:297,45,0,0
BRDA:297,45,1,0
BRDA:299,46,0,0
BRDA:299,46,1,0
BRDA:304,47,0,0
BRDA:304,47,1,0
BRDA:304,48,0,0
BRDA:304,48,1,0
BRDA:309,49,0,0
BRDA:309,49,1,0
BRDA:312,50,0,0
BRDA:312,50,1,0
BRF:102
BRH:0
end_of_record
TN:
SF:src\middleware\auth.js
FN:6,(anonymous_0)
FN:44,(anonymous_1)
FNF:2
FNH:0
FNDA:0,(anonymous_0)
FNDA:0,(anonymous_1)
DA:1,0
DA:2,0
DA:3,0
DA:4,0
DA:6,0
DA:7,0
DA:8,0
DA:9,0
DA:11,0
DA:12,0
DA:15,0
DA:17,0
DA:18,0
DA:21,0
DA:22,0
DA:24,0
DA:27,0
DA:28,0
DA:31,0
DA:32,0
DA:35,0
DA:36,0
DA:37,0
DA:39,0
DA:40,0
DA:44,0
DA:45,0
DA:46,0
DA:47,0
DA:49,0
DA:50,0
DA:53,0
DA:55,0
DA:56,0
DA:58,0
DA:59,0
DA:61,0
DA:64,0
DA:65,0
DA:68,0
DA:69,0
DA:72,0
DA:73,0
DA:74,0
DA:76,0
DA:77,0
DA:81,0
LF:47
LH:0
BRDA:9,0,0,0
BRDA:9,0,1,0
BRDA:11,1,0,0
BRDA:11,1,1,0
BRDA:15,2,0,0
BRDA:15,2,1,0
BRDA:21,3,0,0
BRDA:21,3,1,0
BRDA:27,4,0,0
BRDA:27,4,1,0
BRDA:31,5,0,0
BRDA:31,5,1,0
BRDA:47,6,0,0
BRDA:47,6,1,0
BRDA:49,7,0,0
BRDA:49,7,1,0
BRDA:53,8,0,0
BRDA:53,8,1,0
BRDA:58,9,0,0
BRDA:58,9,1,0
BRDA:64,10,0,0
BRDA:64,10,1,0
BRDA:68,11,0,0
BRDA:68,11,1,0
BRF:24
BRH:0
end_of_record
TN:
SF:src\middleware\authMiddleware.js
FN:5,authenticateJWT
FNF:1
FNH:0
FNDA:0,authenticateJWT
DA:1,0
DA:2,0
DA:3,0
DA:6,0
DA:7,0
DA:8,0
DA:10,0
DA:11,0
DA:12,0
DA:13,0
DA:14,0
DA:15,0
DA:17,0
DA:18,0
DA:20,0
DA:24,0
LF:16
LH:0
BRDA:3,0,0,0
BRDA:3,0,1,0
BRDA:7,1,0,0
BRDA:7,1,1,0
BRDA:7,2,0,0
BRDA:7,2,1,0
BRDA:14,3,0,0
BRDA:14,3,1,0
BRF:8
BRH:0
end_of_record
TN:
SF:src\middleware\authenticateUser.js
FN:22,(anonymous_0)
FN:26,(anonymous_1)
FNF:2
FNH:0
FNDA:0,(anonymous_0)
FNDA:0,(anonymous_1)
DA:1,0
DA:2,0
DA:3,0
DA:6,0
DA:7,0
DA:9,0
DA:10,0
DA:11,0
DA:13,0
DA:14,0
DA:18,0
DA:22,0
DA:26,0
DA:27,0
DA:28,0
DA:30,0
DA:31,0
DA:37,0
DA:40,0
DA:42,0
DA:43,0
DA:50,0
DA:52,0
DA:53,0
DA:60,0
DA:61,0
DA:68,0
DA:69,0
DA:76,0
DA:77,0
DA:79,0
DA:81,0
DA:82,0
DA:89,0
LF:34
LH:0
BRDA:9,0,0,0
BRDA:9,0,1,0
BRDA:9,1,0,0
BRDA:9,1,1,0
BRDA:10,2,0,0
BRDA:10,2,1,0
BRDA:18,3,0,0
BRDA:18,3,1,0
BRDA:18,4,0,0
BRDA:18,4,1,0
BRDA:30,5,0,0
BRDA:30,5,1,0
BRDA:30,6,0,0
BRDA:30,6,1,0
BRDA:42,7,0,0
BRDA:42,7,1,0
BRDA:42,8,0,0
BRDA:42,8,1,0
BRDA:52,9,0,0
BRDA:52,9,1,0
BRDA:60,10,0,0
BRDA:60,10,1,0
BRDA:68,11,0,0
BRDA:68,11,1,0
BRDA:68,12,0,0
BRDA:68,12,1,0
BRF:26
BRH:0
end_of_record
TN:
SF:src\middleware\errorHandler.js
FN:3,(anonymous_0)
FNF:1
FNH:0
FNDA:0,(anonymous_0)
DA:1,0
DA:3,0
DA:5,0
DA:14,0
DA:16,0
DA:23,0
DA:25,0
DA:28,0
LF:8
LH:0
BRDA:18,0,0,0
BRDA:18,0,1,0
BRDA:19,1,0,0
BRDA:19,1,1,0
BRDA:23,2,0,0
BRDA:23,2,1,0
BRDA:23,2,2,0
BRF:7
BRH:0
end_of_record
TN:
SF:src\middleware\rateLimiter.js
FN:17,(anonymous_0)
FNF:1
FNH:0
FNDA:0,(anonymous_0)
DA:1,0
DA:3,0
DA:6,0
DA:19,0
DA:24,0
DA:35,0
LF:6
LH:0
BRDA:8,0,0,0
BRDA:8,0,1,0
BRDA:19,1,0,0
BRDA:19,1,1,0
BRDA:19,1,2,0
BRF:5
BRH:0
end_of_record
TN:
SF:src\middleware\validation.js
FN:1,validateParams
FN:2,(anonymous_1)
FN:3,(anonymous_2)
FN:14,validateRequest
FN:15,(anonymous_4)
FN:143,handleValidationErrors
FNF:6
FNH:0
FNDA:0,validateParams
FNDA:0,(anonymous_1)
FNDA:0,(anonymous_2)
FNDA:0,validateRequest
FNDA:0,(anonymous_4)
FNDA:0,handleValidationErrors
DA:2,0
DA:3,0
DA:4,0
DA:5,0
DA:10,0
DA:15,0
DA:16,0
DA:18,0
DA:19,0
DA:20,0
DA:22,0
DA:23,0
DA:31,0
DA:32,0
DA:33,0
DA:34,0
DA:35,0
DA:36,0
DA:38,0
DA:41,0
DA:42,0
DA:56,0
DA:57,0
DA:58,0
DA:60,0
DA:61,0
DA:69,0
DA:70,0
DA:71,0
DA:72,0
DA:73,0
DA:74,0
DA:76,0
DA:79,0
DA:80,0
DA:94,0
DA:95,0
DA:96,0
DA:98,0
DA:99,0
DA:107,0
DA:108,0
DA:109,0
DA:110,0
DA:111,0
DA:112,0
DA:114,0
DA:117,0
DA:118,0
DA:131,0
DA:133,0
DA:141,0
DA:144,0
DA:145,0
DA:146,0
DA:148,0
DA:151,0
LF:57
LH:0
BRDA:4,0,0,0
BRDA:4,0,1,0
BRDA:18,1,0,0
BRDA:18,1,1,0
BRDA:22,2,0,0
BRDA:22,2,1,0
BRDA:22,3,0,0
BRDA:22,3,1,0
BRDA:22,3,2,0
BRDA:22,3,3,0
BRDA:31,4,0,0
BRDA:31,4,1,0
BRDA:31,5,0,0
BRDA:31,5,1,0
BRDA:33,6,0,0
BRDA:33,6,1,0
BRDA:35,7,0,0
BRDA:35,7,1,0
BRDA:36,8,0,0
BRDA:36,8,1,0
BRDA:36,8,2,0
BRDA:41,9,0,0
BRDA:41,9,1,0
BRDA:44,10,0,0
BRDA:44,10,1,0
[...]
FNDA:0,(anonymous_14)
FNDA:0,(anonymous_15)
FNDA:0,(anonymous_16)
FNDA:0,(anonymous_17)
FNDA:0,(anonymous_18)
FNDA:0,(anonymous_19)
FNDA:0,compareStockVsMf
FNDA:0,(anonymous_21)
FNDA:0,(anonymous_22)
FNDA:0,(anonymous_23)
FNDA:0,(anonymous_24)
FNDA:0,(anonymous_25)
FNDA:0,(anonymous_26)
FNDA:0,extractMacroFeatures
FNDA:0,processRollingMacro
FNDA:0,saveFeatures
FNDA:0,(anonymous_30)
DA:3,0
DA:4,0
DA:5,0
DA:7,0
DA:8,0
DA:9,0
DA:10,0
DA:13,0
DA:19,0
DA:21,0
DA:33,0
DA:34,0
DA:35,0
DA:36,0
DA:42,0
DA:43,0
DA:44,0
DA:45,0
DA:46,0
DA:59,0
DA:64,0
DA:68,0
DA:69,0
DA:70,0
DA:71,0
DA:72,0
DA:74,0
DA:75,0
DA:76,0
DA:77,0
DA:79,0
DA:80,0
DA:81,0
DA:82,0
DA:83,0
DA:86,0
DA:88,0
DA:89,0
DA:90,0
DA:91,0
DA:92,0
DA:117,0
DA:118,0
DA:119,0
DA:121,0
DA:122,0
DA:123,0
DA:124,0
DA:125,0
DA:126,0
DA:127,0
DA:128,0
DA:129,0
DA:130,0
DA:132,0
DA:135,0
DA:137,0
DA:138,0
DA:140,0
DA:141,0
DA:142,0
DA:144,0
DA:145,0
DA:146,0
DA:147,0
DA:148,0
DA:164,0
DA:166,0
DA:167,0
DA:168,0
DA:169,0
DA:170,0
DA:171,0
DA:172,0
DA:173,0
DA:175,0
DA:176,0
DA:177,0
DA:178,0
DA:179,0
DA:197,0
DA:205,0
DA:210,0
DA:211,0
DA:214,0
LF:85
LH:0
BRDA:19,0,0,0
BRDA:19,0,1,0
BRDA:20,1,0,0
BRDA:20,1,1,0
BRDA:32,2,0,0
BRDA:33,3,0,0
BRDA:33,3,1,0
BRDA:42,4,0,0
BRDA:42,4,1,0
BRDA:43,5,0,0
BRDA:43,5,1,0
BRDA:45,6,0,0
BRDA:45,6,1,0
BRDA:48,7,0,0
BRDA:48,7,1,0
BRDA:53,8,0,0
BRDA:53,8,1,0
BRDA:53,8,2,0
BRDA:57,9,0,0
BRDA:72,10,0,0
BRDA:72,10,1,0
BRDA:75,11,0,0
BRDA:75,11,1,0
BRDA:76,12,0,0
BRDA:76,12,1,0
BRDA:79,13,0,0
BRDA:79,13,1,0
BRDA:81,14,0,0
BRDA:81,14,1,0
BRDA:82,15,0,0
BRDA:82,15,1,0
BRDA:83,16,0,0
BRDA:83,16,1,0
BRDA:89,17,0,0
BRDA:89,17,1,0
BRDA:89,18,0,0
BRDA:89,18,1,0
BRDA:90,19,0,0
BRDA:90,19,1,0
BRDA:90,20,0,0
BRDA:90,20,1,0
BRDA:123,21,0,0
BRDA:123,21,1,0
BRDA:125,22,0,0
BRDA:125,22,1,0
BRDA:126,23,0,0
BRDA:126,23,1,0
BRDA:126,24,0,0
BRDA:126,24,1,0
BRDA:126,25,0,0
BRDA:126,25,1,0
BRDA:127,26,0,0
BRDA:127,26,1,0
BRDA:129,27,0,0
BRDA:129,27,1,0
BRDA:130,28,0,0
BRDA:130,28,1,0
BRDA:137,29,0,0
BRDA:137,29,1,0
BRDA:137,30,0,0
BRDA:137,30,1,0
BRDA:138,31,0,0
BRDA:138,31,1,0
BRDA:138,32,0,0
BRDA:138,32,1,0
BRDA:141,33,0,0
BRDA:141,33,1,0
BRDA:142,34,0,0
BRDA:142,34,1,0
BRDA:145,35,0,0
BRDA:145,35,1,0
BRDA:145,36,0,0
BRDA:145,36,1,0
BRDA:146,37,0,0
BRDA:146,37,1,0
BRDA:146,38,0,0
BRDA:146,38,1,0
BRDA:168,39,0,0
BRDA:168,39,1,0
BRDA:168,40,0,0
BRDA:168,40,1,0
BRDA:169,41,0,0
BRDA:169,41,1,0
BRDA:169,42,0,0
BRDA:169,42,1,0
BRDA:170,43,0,0
BRDA:170,43,1,0
BRDA:170,44,0,0
BRDA:170,44,1,0
BRDA:171,45,0,0
BRDA:171,45,1,0
BRDA:171,46,0,0
BRDA:171,46,1,0
BRDA:172,47,0,0
BRDA:172,47,1,0
BRDA:172,48,0,0
BRDA:172,48,1,0
BRDA:173,49,0,0
BRDA:173,49,1,0
BRDA:173,50,0,0
BRDA:173,50,1,0
BRDA:176,51,0,0
BRDA:176,51,1,0
BRDA:177,52,0,0
BRDA:177,52,1,0
BRDA:198,53,0,0
BRDA:198,53,1,0
BRDA:199,54,0,0
BRDA:199,54,1,0
BRDA:200,55,0,0
BRDA:200,55,1,0
BRDA:200,55,2,0
BRDA:204,56,0,0
BRF:113
BRH:0
end_of_record
TN:
SF:src\utils\leaderboardSeeder.js
FN:41,generateRandomXIRR
FN:46,generateRandomAllocation
FN:72,(anonymous_2)
FN:79,generateSampleTransactions
FN:86,(anonymous_4)
FN:109,createSampleUser
FN:128,createSamplePortfolio
FN:137,(anonymous_7)
FN:147,(anonymous_8)
FN:153,(anonymous_9)
FN:193,seedLeaderboardData
FN:230,(anonymous_11)
FNF:12
FNH:0
FNDA:0,generateRandomXIRR
FNDA:0,generateRandomAllocation
FNDA:0,(anonymous_2)
FNDA:0,generateSampleTransactions
FNDA:0,(anonymous_4)
FNDA:0,createSampleUser
FNDA:0,createSamplePortfolio
FNDA:0,(anonymous_7)
FNDA:0,(anonymous_8)
FNDA:0,(anonymous_9)
FNDA:0,seedLeaderboardData
FNDA:0,(anonymous_11)
DA:1,0
DA:2,0
DA:3,0
DA:4,0
DA:7,0
DA:42,0
DA:47,0
DA:48,0
DA:49,0
DA:51,0
DA:52,0
DA:53,0
DA:54,0
DA:55,0
DA:60,0
DA:61,0
DA:63,0
DA:64,0
DA:65,0
DA:66,0
DA:67,0
DA:70,0
DA:72,0
DA:80,0
DA:81,0
DA:82,0
DA:84,0
DA:86,0
DA:87,0
DA:88,0
DA:89,0
DA:91,0
DA:102,0
DA:105,0
DA:110,0
DA:123,0
DA:124,0
DA:129,0
DA:130,0
DA:131,0
DA:133,0
DA:136,0
DA:137,0
DA:138,0
DA:139,0
DA:141,0
DA:142,0
DA:146,0
DA:147,0
DA:148,0
DA:149,0
DA:153,0
DA:154,0
DA:155,0
DA:156,0
DA:158,0
DA:171,0
DA:172,0
DA:173,0
DA:174,0
DA:175,0
DA:177,0
DA:188,0
DA:189,0
DA:194,0
DA:195,0
DA:198,0
DA:199,0
DA:200,0
DA:202,0
DA:205,0
DA:206,0
DA:208,0
DA:209,0
DA:210,0
DA:212,0
DA:213,0
DA:215,0
DA:218,0
DA:221,0
DA:222,0
DA:224,0
DA:227,0
DA:228,0
DA:229,0
DA:230,0
DA:231,0
DA:235,0
DA:237,0
DA:244,0
DA:245,0
DA:250,0
LF:92
LH:0
BRDA:53,0,0,0
BRDA:53,0,1,0
BRDA:138,1,0,0
BRDA:138,1,1,0
BRDA:228,2,0,0
BRDA:228,2,1,0
BRF:6
BRH:0
end_of_record
TN:
SF:src\utils\logger.js
FNF:0
FNH:0
DA:1,0
DA:4,0
DA:13,0
DA:35,0
DA:36,0
DA:44,0
LF:6
LH:0
BRDA:14,0,0,0
BRDA:14,0,1,0
BRDA:35,1,0,0
BRDA:35,1,1,0
BRF:4
BRH:0
end_of_record
TN:
SF:src\utils\marketDataFetcher.js
FN:17,(anonymous_0)
FN:38,(anonymous_1)
FN:44,(anonymous_2)
FN:58,(anonymous_3)
FN:67,(anonymous_4)
FN:85,(anonymous_5)
FN:103,(anonymous_6)
FN:136,(anonymous_7)
FN:147,(anonymous_8)
FN:163,(anonymous_9)
FNF:10
FNH:0
FNDA:0,(anonymous_0)
FNDA:0,(anonymous_1)
FNDA:0,(anonymous_2)
FNDA:0,(anonymous_3)
FNDA:0,(anonymous_4)
FNDA:0,(anonymous_5)
FNDA:0,(anonymous_6)
FNDA:0,(anonymous_7)
FNDA:0,(anonymous_8)
FNDA:0,(anonymous_9)
DA:5,0
DA:7,0
DA:8,0
DA:10,0
DA:19,0
DA:20,0
DA:21,0
DA:22,0
DA:23,0
DA:24,0
DA:26,0
DA:28,0
DA:29,0
DA:39,0
DA:40,0
DA:41,0
DA:43,0
DA:44,0
DA:46,0
DA:59,0
DA:60,0
DA:62,0
DA:63,0
DA:64,0
DA:66,0
DA:67,0
DA:68,0
DA:69,0
DA:70,0
DA:73,0
DA:75,0
DA:88,0
DA:104,0
DA:105,0
DA:106,0
DA:107,0
DA:108,0
DA:113,0
DA:119,0
DA:120,0
DA:122,0
DA:138,0
DA:139,0
DA:148,0
DA:149,0
DA:150,0
DA:151,0
DA:152,0
DA:153,0
DA:155,0
DA:164,0
DA:165,0
DA:166,0
LF:53
LH:0
BRDA:17,0,0,0
BRDA:17,1,0,0
BRDA:19,2,0,0
BRDA:19,2,1,0
BRDA:21,3,0,0
BRDA:21,3,1,0
BRDA:23,4,0,0
BRDA:23,4,1,0
BRDA:38,5,0,0
BRDA:43,6,0,0
BRDA:43,6,1,0
BRDA:44,7,0,0
BRDA:44,7,1,0
BRDA:69,8,0,0
BRDA:69,8,1,0
BRDA:103,9,0,0
BRDA:120,10,0,0
BRDA:120,10,1,0
BRF:18
BRH:0
end_of_record
TN:
SF:src\utils\mfApiClient.js
FN:12,fetchSchemeDetail
FN:23,fetchNavReturns
FN:36,fetchNavHistory
FNF:3
FNH:0
FNDA:0,fetchSchemeDetail
FNDA:0,fetchNavReturns
FNDA:0,fetchNavHistory
DA:3,0
DA:5,0
DA:13,0
DA:14,0
DA:15,0
DA:24,0
DA:25,0
DA:26,0
DA:37,0
DA:38,0
DA:39,0
DA:42,0
LF:12
LH:0
BRF:0
BRH:0
end_of_record
TN:
SF:src\utils\mutualFundDataFetcher.js
FN:11,fetchAllSchemes
FN:22,fetchSchemeHistory
FN:33,fetchLatestNav
FNF:3
FNH:0
FNDA:0,fetchAllSchemes
FNDA:0,fetchSchemeHistory
FNDA:0,fetchLatestNav
DA:3,0
DA:5,0
DA:12,0
DA:13,0
DA:14,0
DA:23,0
DA:24,0
DA:25,0
DA:34,0
DA:35,0
DA:36,0
DA:38,0
DA:41,0
LF:13
LH:0
BRDA:35,0,0,0
BRDA:35,0,1,0
BRDA:35,1,0,0
BRDA:35,1,1,0
BRDA:35,1,2,0
BRF:5
BRH:0
end_of_record
TN:
SF:src\utils\niftyScraper.js
FN:6,fetchNifty50HistoricalData
FN:39,(anonymous_1)
FN:45,(anonymous_2)
FN:58,(anonymous_3)
FN:61,(anonymous_4)
FNF:5
FNH:0
FNDA:0,fetchNifty50HistoricalData
FNDA:0,(anonymous_1)
FNDA:0,(anonymous_2)
FNDA:0,(anonymous_3)
FNDA:0,(anonymous_4)
DA:1,0
DA:2,0
DA:3,0
DA:4,0
DA:7,0
DA:8,0
DA:10,0
DA:11,0
DA:23,0
DA:25,0
DA:26,0
DA:27,0
DA:28,0
DA:29,0
DA:30,0
DA:31,0
DA:32,0
DA:33,0
DA:34,0
DA:38,0
DA:39,0
DA:40,0
DA:41,0
DA:42,0
DA:44,0
DA:45,0
DA:47,0
DA:48,0
DA:51,0
DA:52,0
DA:54,0
DA:55,0
DA:58,0
DA:61,0
DA:62,0
DA:64,0
DA:65,0
DA:67,0
DA:68,0
DA:69,0
DA:73,0
LF:41
LH:0
BRDA:8,0,0,0
BRDA:8,0,1,0
BRDA:40,1,0,0
BRDA:40,1,1,0
BRDA:47,2,0,0
BRDA:47,2,1,0
BRDA:59,3,0,0
BRDA:59,3,1,0
BRDA:60,4,0,0
BRDA:60,4,1,0
BRDA:61,5,0,0
BRDA:61,5,1,0
BRF:12
BRH:0
end_of_record
TN:
SF:src\utils\nseBseBulkDownloader.js
FN:12,downloadFile
FN:16,(anonymous_1)
FN:23,unzipAndParse
FN:29,(anonymous_3)
FN:35,fetchLatestNseBhavcopy
FN:53,fetchLatestBseBhavcopy
FN:71,fetchNseIndexRatios
FN:82,scheduleDailyUpdates
FNF:8
FNH:0
FNDA:0,downloadFile
FNDA:0,(anonymous_1)
FNDA:0,unzipAndParse
FNDA:0,(anonymous_3)
FNDA:0,fetchLatestNseBhavcopy
FNDA:0,fetchLatestBseBhavcopy
FNDA:0,fetchNseIndexRatios
FNDA:0,scheduleDailyUpdates
DA:5,0
DA:6,0
DA:7,0
DA:8,0
DA:9,0
DA:13,0
DA:14,0
DA:15,0
DA:16,0
DA:17,0
DA:18,0
DA:24,0
DA:28,0
DA:29,0
DA:30,0
DA:31,0
DA:36,0
DA:37,0
DA:38,0
DA:39,0
DA:40,0
DA:41,0
DA:42,0
DA:43,0
DA:44,0
DA:45,0
DA:46,0
DA:48,0
DA:54,0
DA:55,0
DA:56,0
DA:57,0
DA:58,0
DA:59,0
DA:60,0
DA:61,0
DA:62,0
DA:63,0
DA:64,0
DA:66,0
DA:72,0
DA:73,0
DA:74,0
DA:75,0
DA:77,0
DA:83,0
DA:86,0
LF:47
LH:0
BRDA:29,0,0,0
BRDA:29,0,1,0
BRDA:30,1,0,0
BRDA:30,1,1,0
BRF:4
BRH:0
end_of_record
TN:
SF:src\utils\parseMessage.js
FN:4,(anonymous_0)
FN:177,(anonymous_1)
FN:244,(anonymous_2)
FN:267,(anonymous_3)
FN:398,(anonymous_4)
FN:415,(anonymous_5)
FN:437,(anonymous_6)
FN:468,(anonymous_7)
FN:551,(anonymous_8)
FN:564,(anonymous_9)
FN:577,(anonymous_10)
FN:589,(anonymous_11)
FN:593,(anonymous_12)
FN:600,(anonymous_13)
FN:607,(anonymous_14)
FN:614,(anonymous_15)
FN:641,(anonymous_16)
FN:671,(anonymous_17)
FN:686,(anonymous_18)
FNF:19
FNH:0
FNDA:0,(anonymous_0)
FNDA:0,(anonymous_1)
FNDA:0,(anonymous_2)
FNDA:0,(anonymous_3)
FNDA:0,(anonymous_4)
FNDA:0,(anonymous_5)
FNDA:0,(anonymous_6)
FNDA:0,(anonymous_7)
FNDA:0,(anonymous_8)
FNDA:0,(anonymous_9)
FNDA:0,(anonymous_10)
FNDA:0,(anonymous_11)
FNDA:0,(anonymous_12)
FNDA:0,(anonymous_13)
FNDA:0,(anonymous_14)
FNDA:0,(anonymous_15)
FNDA:0,(anonymous_16)
FNDA:0,(anonymous_17)
FNDA:0,(anonymous_18)
DA:1,0
DA:6,0
DA:156,0
DA:161,0
DA:178,0
DA:179,0
DA:182,0
DA:183,0
DA:185,0
DA:186,0
DA:187,0
DA:188,0
DA:190,0
DA:193,0
DA:194,0
DA:195,0
DA:196,0
DA:198,0
DA:201,0
DA:202,0
DA:203,0
DA:204,0
DA:206,0
DA:208,0
DA:212,0
DA:213,0
DA:214,0
DA:215,0
DA:220,0
DA:221,0
DA:223,0
DA:224,0
DA:225,0
DA:226,0
DA:228,0
DA:230,0
DA:234,0
DA:236,0
DA:237,0
DA:245,0
DA:246,0
DA:247,0
DA:248,0
DA:249,0
DA:256,0
DA:257,0
DA:261,0
DA:268,0
DA:271,0
DA:272,0
DA:273,0
DA:274,0
DA:275,0
DA:284,0
DA:285,0
DA:286,0
DA:287,0
DA:297,0
DA:298,0
DA:299,0
DA:300,0
DA:309,0
DA:310,0
DA:311,0
DA:320,0
DA:321,0
DA:322,0
DA:331,0
DA:332,0
DA:333,0
DA:342,0
DA:343,0
DA:344,0
DA:353,0
DA:354,0
DA:355,0
DA:356,0
DA:365,0
DA:366,0
DA:367,0
DA:368,0
DA:378,0
DA:379,0
DA:380,0
DA:381,0
DA:382,0
DA:392,0
DA:399,0
DA:401,0
DA:402,0
DA:403,0
DA:404,0
DA:405,0
DA:406,0
DA:409,0
DA:416,0
DA:418,0
DA:419,0
DA:420,0
DA:421,0
DA:431,0
DA:438,0
DA:440,0
DA:442,0
DA:443,0
DA:444,0
DA:446,0
DA:447,0
DA:449,0
DA:450,0
DA:451,0
DA:452,0
DA:453,0
DA:454,0
DA:455,0
DA:456,0
DA:458,0
DA:459,0
DA:462,0
DA:469,0
DA:470,0
DA:471,0
DA:473,0
DA:474,0
DA:475,0
DA:476,0
DA:477,0
DA:478,0
DA:479,0
DA:480,0
DA:481,0
DA:482,0
DA:483,0
DA:484,0
DA:485,0
DA:486,0
DA:488,0
DA:490,0
DA:491,0
DA:492,0
DA:493,0
DA:494,0
DA:495,0
DA:496,0
DA:497,0
DA:498,0
DA:499,0
DA:500,0
DA:501,0
DA:502,0
DA:503,0
DA:505,0
DA:507,0
DA:508,0
DA:509,0
DA:510,0
DA:511,0
DA:512,0
DA:513,0
DA:514,0
DA:515,0
DA:516,0
DA:517,0
DA:518,0
DA:519,0
DA:520,0
DA:523,0
DA:525,0
DA:526,0
DA:527,0
DA:529,0
DA:530,0
DA:532,0
DA:533,0
DA:534,0
DA:536,0
DA:537,0
DA:539,0
DA:540,0
DA:542,0
DA:543,0
DA:545,0
DA:552,0
DA:555,0
DA:556,0
DA:558,0
DA:565,0
DA:568,0
DA:569,0
DA:570,0
DA:571,0
DA:576,0
DA:577,0
DA:578,0
DA:583,0
DA:590,0
DA:594,0
DA:601,0
DA:608,0
DA:615,0
DA:616,0
DA:617,0
DA:620,0
DA:621,0
DA:625,0
DA:626,0
DA:630,0
DA:631,0
DA:635,0
DA:642,0
DA:644,0
DA:647,0
DA:648,0
DA:650,0
DA:651,0
DA:653,0
DA:656,0
DA:657,0
DA:659,0
DA:660,0
DA:662,0
DA:665,0
DA:672,0
DA:680,0
DA:687,0
DA:688,0
DA:689,0
DA:690,0
DA:691,0
DA:692,0
DA:693,0
DA:697,0
LF:232
LH:0
BRDA:177,0,0,0
BRDA:183,1,0,0
BRDA:183,1,1,0
BRDA:185,2,0,0
BRDA:185,2,1,0
BRDA:187,3,0,0
BRDA:187,3,1,0
BRDA:193,4,0,0
BRDA:193,4,1,0
BRDA:195,5,0,0
BRDA:195,5,1,0
BRDA:195,6,0,0
BRDA:195,6,1,0
BRDA:201,7,0,0
BRDA:201,7,1,0
BRDA:203,8,0,0
BRDA:203,8,1,0
BRDA:203,9,0,0
BRDA:203,9,1,0
BRDA:212,10,0,0
BRDA:212,10,1,0
BRDA:212,11,0,0
BRDA:212,11,1,0
BRDA:214,12,0,0
BRDA:214,12,1,0
BRDA:221,13,0,0
BRDA:221,13,1,0
BRDA:223,14,0,0
BRDA:223,14,1,0
BRDA:225,15,0,0
BRDA:225,15,1,0
BRDA:248,16,0,0
BRDA:248,16,1,0
BRDA:271,17,0,0
BRDA:271,17,1,0
BRDA:272,18,0,0
BRDA:272,18,1,0
BRDA:274,19,0,0
BRDA:274,19,1,0
BRDA:284,20,0,0
BRDA:284,20,1,0
BRDA:286,21,0,0
BRDA:286,21,1,0
BRDA:297,22,0,0
BRDA:297,22,1,0
BRDA:298,23,0,0
BRDA:298,23,1,0
BRDA:299,24,0,0
BRDA:299,24,1,0
BRDA:299,25,0,0
BRDA:299,25,1,0
BRDA:299,25,2,0
BRDA:299,25,3,0
BRDA:309,26,0,0
BRDA:309,26,1,0
BRDA:310,27,0,0
BRDA:310,27,1,0
BRDA:320,28,0,0
BRDA:320,28,1,0
BRDA:321,29,0,0
BRDA:321,29,1,0
BRDA:331,30,0,0
BRDA:331,30,1,0
BRDA:332,31,0,0
BRDA:332,31,1,0
BRDA:342,32,0,0
BRDA:342,32,1,0
BRDA:343,33,0,0
BRDA:343,33,1,0
BRDA:353,34,0,0
BRDA:353,34,1,0
BRDA:355,35,0,0
BRDA:355,35,1,0
BRDA:365,36,0,0
BRDA:365,36,1,0
BRDA:367,37,0,0
BRDA:367,37,1,0
BRDA:378,38,0,0
BRDA:378,38,1,0
BRDA:379,39,0,0
BRDA:379,39,1,0
BRDA:381,40,0,0
BRDA:381,40,1,0
BRDA:401,41,0,0
BRDA:401,41,1,0
BRDA:401,42,0,0
BRDA:401,42,1,0
BRDA:401,42,2,0
BRDA:403,43,0,0
BRDA:403,43,1,0
BRDA:403,44,0,0
BRDA:403,44,1,0
BRDA:403,44,2,0
BRDA:405,45,0,0
BRDA:405,45,1,0
BRDA:405,46,0,0
BRDA:405,46,1,0
BRDA:405,46,2,0
BRDA:420,47,0,0
BRDA:420,47,1,0
BRDA:440,48,0,0
BRDA:440,48,1,0
BRDA:440,48,2,0
BRDA:440,48,3,0
BRDA:449,49,0,0
BRDA:449,49,1,0
BRDA:450,50,0,0
BRDA:450,50,1,0
BRDA:451,51,0,0
BRDA:451,51,1,0
BRDA:452,52,0,0
BRDA:452,52,1,0
BRDA:453,53,0,0
BRDA:453,53,1,0
BRDA:454,54,0,0
BRDA:454,54,1,0
BRDA:455,55,0,0
BRDA:455,55,1,0
BRDA:470,56,0,0
BRDA:470,56,1,0
BRDA:471,57,0,0
BRDA:471,57,1,0
BRDA:471,57,2,0
BRDA:471,57,3,0
BRDA:471,57,4,0
BRDA:471,57,5,0
BRDA:471,57,6,0
BRDA:473,58,0,0
BRDA:473,58,1,0
BRDA:475,59,0,0
BRDA:475,59,1,0
BRDA:477,60,0,0
BRDA:477,60,1,0
BRDA:479,61,0,0
BRDA:479,61,1,0
BRDA:481,62,0,0
BRDA:481,62,1,0
BRDA:483,63,0,0
BRDA:483,63,1,0
BRDA:485,64,0,0
BRDA:485,64,1,0
BRDA:490,65,0,0
BRDA:490,65,1,0
BRDA:492,66,0,0
BRDA:492,66,1,0
BRDA:494,67,0,0
BRDA:494,67,1,0
BRDA:496,68,0,0
BRDA:496,68,1,0
BRDA:498,69,0,0
BRDA:498,69,1,0
BRDA:500,70,0,0
BRDA:500,70,1,0
BRDA:502,71,0,0
BRDA:502,71,1,0
BRDA:507,72,0,0
BRDA:507,72,1,0
BRDA:509,73,0,0
BRDA:509,73,1,0
BRDA:511,74,0,0
BRDA:511,74,1,0
BRDA:513,75,0,0
BRDA:513,75,1,0
BRDA:515,76,0,0
BRDA:515,76,1,0
BRDA:517,77,0,0
BRDA:517,77,1,0
BRDA:519,78,0,0
BRDA:519,78,1,0
BRDA:525,79,0,0
BRDA:525,79,1,0
BRDA:525,80,0,0
BRDA:525,80,1,0
BRDA:525,81,0,0
BRDA:525,81,1,0
BRDA:526,82,0,0
BRDA:526,82,1,0
BRDA:526,82,2,0
BRDA:526,83,0,0
BRDA:526,83,1,0
BRDA:526,84,0,0
BRDA:526,84,1,0
BRDA:529,85,0,0
BRDA:529,85,1,0
BRDA:529,86,0,0
BRDA:529,86,1,0
BRDA:532,87,0,0
BRDA:532,87,1,0
BRDA:533,88,0,0
BRDA:533,88,1,0
BRDA:536,89,0,0
BRDA:536,89,1,0
BRDA:536,90,0,0
BRDA:536,90,1,0
BRDA:539,91,0,0
BRDA:539,91,1,0
BRDA:539,92,0,0
BRDA:539,92,1,0
BRDA:539,93,0,0
BRDA:539,93,1,0
BRDA:542,94,0,0
BRDA:542,94,1,0
BRDA:552,95,0,0
BRDA:552,95,1,0
BRDA:558,96,0,0
BRDA:558,96,1,0
BRDA:565,97,0,0
BRDA:565,97,1,0
BRDA:570,98,0,0
BRDA:570,98,1,0
BRDA:578,99,0,0
BRDA:578,99,1,0
BRDA:578,99,2,0
BRDA:583,100,0,0
BRDA:583,100,1,0
BRDA:620,101,0,0
BRDA:620,101,1,0
BRDA:625,102,0,0
BRDA:625,102,1,0
BRDA:630,103,0,0
BRDA:630,103,1,0
BRDA:644,104,0,0
BRDA:644,104,1,0
BRDA:644,104,2,0
BRDA:647,105,0,0
BRDA:647,105,1,0
BRDA:647,106,0,0
BRDA:647,106,1,0
BRDA:650,107,0,0
BRDA:650,107,1,0
BRDA:656,108,0,0
BRDA:656,108,1,0
BRDA:656,109,0,0
BRDA:656,109,1,0
BRDA:659,110,0,0
BRDA:659,110,1,0
BRDA:659,111,0,0
BRDA:659,111,1,0
BRDA:671,112,0,0
BRDA:680,113,0,0
BRDA:680,113,1,0
BRDA:687,114,0,0
BRDA:687,114,1,0
BRDA:688,115,0,0
BRDA:688,115,1,0
BRDA:688,116,0,0
BRDA:688,116,1,0
BRDA:689,117,0,0
BRDA:689,117,1,0
BRDA:689,118,0,0
BRDA:689,118,1,0
BRDA:690,119,0,0
BRDA:690,119,1,0
BRDA:690,120,0,0
BRDA:690,120,1,0
BRDA:691,121,0,0
BRDA:691,121,1,0
BRDA:691,122,0,0
BRDA:691,122,1,0
BRDA:692,123,0,0
BRDA:692,123,1,0
BRDA:692,124,0,0
BRDA:692,124,1,0
BRF:263
BRH:0
end_of_record
TN:
SF:src\utils\pythonMlClient.js
FN:12,(anonymous_0)
FN:22,(anonymous_1)
FN:31,(anonymous_2)
FN:40,(anonymous_3)
FNF:4
FNH:0
FNDA:0,(anonymous_0)
FNDA:0,(anonymous_1)
FNDA:0,(anonymous_2)
FNDA:0,(anonymous_3)
DA:3,0
DA:5,0
DA:7,0
DA:13,0
DA:14,0
DA:23,0
DA:24,0
DA:32,0
DA:33,0
DA:41,0
DA:42,0
LF:11
LH:0
BRDA:5,0,0,0
BRDA:5,0,1,0
BRF:2
BRH:0
end_of_record
TN:
SF:src\utils\response.js
FN:8,(anonymous_0)
FN:25,(anonymous_1)
FNF:2
FNH:0
FNDA:0,(anonymous_0)
FNDA:0,(anonymous_1)
DA:8,0
DA:9,0
DA:15,0
DA:16,0
DA:19,0
DA:25,0
DA:26,0
DA:34,0
DA:35,0
DA:38,0
DA:41,0
LF:11
LH:0
BRDA:8,0,0,0
BRDA:8,1,0,0
BRDA:8,2,0,0
BRDA:15,3,0,0
BRDA:15,3,1,0
BRDA:25,4,0,0
BRDA:25,5,0,0
BRDA:25,6,0,0
BRDA:34,7,0,0
BRDA:34,7,1,0
BRDA:34,8,0,0
BRDA:34,8,1,0
BRF:12
BRH:0
end_of_record
TN:
SF:src\utils\sebiSafeLabels.js
FN:24,getSebiSafeLabel
FN:29,getSebiDisclaimer
FNF:2
FNH:0
FNDA:0,getSebiSafeLabel
FNDA:0,getSebiDisclaimer
DA:3,0
DA:22,0
DA:25,0
DA:26,0
DA:30,0
DA:33,0
LF:6
LH:0
BRDA:25,0,0,0
BRDA:25,0,1,0
BRDA:26,1,0,0
BRDA:26,1,1,0
BRF:4
BRH:0
end_of_record
TN:
SF:src\utils\testLiveEcoNews.js
FN:6,(anonymous_0)
FNF:1
FNH:0
FNDA:0,(anonymous_0)
DA:3,0
DA:4,0
DA:6,0
DA:8,0
DA:9,0
DA:10,0
DA:11,0
DA:13,0
DA:16,0
DA:20,0
DA:21,0
DA:22,0
DA:23,0
DA:24,0
DA:25,0
DA:27,0
DA:30,0
LF:17
LH:0
BRDA:10,0,0,0
BRDA:10,0,1,0
BRDA:10,1,0,0
BRDA:10,1,1,0
BRDA:24,2,0,0
BRDA:24,2,1,0
BRF:6
BRH:0
end_of_record
TN:
SF:src\utils\testNiftyLiveFetch.js
FN:5,fetchLiveNifty50
FNF:1
FNH:0
FNDA:0,fetchLiveNifty50
DA:3,0
DA:6,0
DA:7,0
DA:13,0
DA:14,0
DA:15,0
DA:16,0
DA:17,0
DA:18,0
DA:19,0
DA:21,0
DA:22,0
DA:25,0
DA:26,0
DA:30,0
LF:15
LH:0
BRDA:16,0,0,0
BRDA:16,0,1,0
BRDA:16,1,0,0
BRDA:16,1,1,0
BRF:4
BRH:0
end_of_record
TN:
SF:src\utils\testNiftyWebScrape.js
FN:6,fetchNifty50FromWeb
FN:17,(anonymous_1)
FNF:2
FNH:0
FNDA:0,fetchNifty50FromWeb
FNDA:0,(anonymous_1)
DA:3,0
DA:4,0
DA:7,0
DA:8,0
DA:12,0
DA:13,0
DA:14,0
DA:16,0
DA:17,0
DA:18,0
DA:19,0
DA:21,0
DA:22,0
DA:23,0
DA:27,0
DA:29,0
DA:31,0
DA:32,0
DA:33,0
DA:35,0
DA:36,0
DA:39,0
DA:40,0
DA:44,0
LF:24
LH:0
BRDA:19,0,0,0
BRDA:19,0,1,0
BRDA:22,1,0,0
BRDA:22,1,1,0
BRDA:27,2,0,0
BRDA:27,2,1,0
BRDA:31,3,0,0
BRDA:31,3,1,0
BRF:8
BRH:0
end_of_record
TN:
SF:src\utils\testNseHistoricAndPE.js
FN:6,(anonymous_0)
FN:19,(anonymous_1)
FNF:2
FNH:0
FNDA:0,(anonymous_0)
FNDA:0,(anonymous_1)
DA:3,0
DA:4,0
DA:6,0
DA:7,0
DA:8,0
DA:9,0
DA:10,0
DA:11,0
DA:13,0
DA:16,0
DA:17,0
DA:18,0
DA:19,0
DA:20,0
DA:22,0
LF:15
LH:0
BRDA:10,0,0,0
BRDA:10,0,1,0
BRDA:18,1,0,0
BRDA:18,1,1,0
BRDA:19,2,0,0
BRDA:19,2,1,0
BRF:6
BRH:0
end_of_record
TN:
SF:src\whatsapp\whatsappClient.js
FN:4,(anonymous_0)
FN:28,(anonymous_1)
FN:44,(anonymous_2)
FN:76,(anonymous_3)
FN:78,(anonymous_4)
FN:95,(anonymous_5)
FN:111,(anonymous_6)
FN:115,(anonymous_7)
FN:129,(anonymous_8)
FN:154,(anonymous_9)
FN:172,(anonymous_10)
FN:197,(anonymous_11)
FN:209,(anonymous_12)
FN:235,(anonymous_13)
FNF:14
FNH:0
FNDA:0,(anonymous_0)
FNDA:0,(anonymous_1)
FNDA:0,(anonymous_2)
FNDA:0,(anonymous_3)
FNDA:0,(anonymous_4)
FNDA:0,(anonymous_5)
FNDA:0,(anonymous_6)
FNDA:0,(anonymous_7)
FNDA:0,(anonymous_8)
FNDA:0,(anonymous_9)
FNDA:0,(anonymous_10)
FNDA:0,(anonymous_11)
FNDA:0,(anonymous_12)
FNDA:0,(anonymous_13)
DA:1,0
DA:5,0
DA:6,0
DA:7,0
DA:8,0
DA:11,0
DA:12,0
DA:13,0
DA:14,0
DA:15,0
DA:16,0
DA:18,0
DA:21,0
DA:29,0
DA:30,0
DA:31,0
DA:33,0
DA:36,0
DA:37,0
DA:45,0
DA:46,0
DA:53,0
DA:54,0
DA:57,0
DA:59,0
DA:61,0
DA:68,0
DA:69,0
DA:78,0
DA:80,0
DA:82,0
DA:84,0
DA:96,0
DA:97,0
DA:98,0
DA:100,0
DA:103,0
DA:104,0
DA:112,0
DA:114,0
DA:115,0
DA:116,0
DA:119,0
DA:121,0
DA:122,0
DA:130,0
DA:131,0
DA:155,0
DA:161,0
DA:162,0
DA:164,0
DA:165,0
DA:174,0
DA:177,0
DA:178,0
DA:182,0
DA:183,0
DA:187,0
DA:188,0
DA:191,0
DA:198,0
DA:210,0
DA:211,0
DA:212,0
DA:213,0
DA:216,0
DA:217,0
DA:219,0
DA:225,0
DA:226,0
DA:227,0
DA:228,0
DA:234,0
DA:235,0
DA:239,0
LF:75
LH:0
BRDA:5,0,0,0
BRDA:5,0,1,0
BRDA:12,1,0,0
BRDA:12,1,1,0
BRDA:12,2,0,0
BRDA:12,2,1,0
BRDA:28,3,0,0
BRDA:30,4,0,0
BRDA:30,4,1,0
BRDA:44,5,0,0
BRDA:53,6,0,0
BRDA:53,6,1,0
BRDA:76,7,0,0
BRDA:95,8,0,0
BRDA:95,9,0,0
BRDA:97,10,0,0
BRDA:97,10,1,0
BRDA:111,11,0,0
BRDA:129,12,0,0
BRDA:129,13,0,0
BRDA:161,14,0,0
BRDA:161,14,1,0
BRDA:177,15,0,0
BRDA:177,15,1,0
BRDA:177,16,0,0
BRDA:177,16,1,0
BRDA:177,16,2,0
BRDA:177,16,3,0
BRDA:177,16,4,0
BRDA:182,17,0,0
BRDA:182,17,1,0
BRDA:182,18,0,0
BRDA:182,18,1,0
BRDA:187,19,0,0
BRDA:187,19,1,0
BRDA:187,20,0,0
BRDA:187,20,1,0
BRDA:200,21,0,0
BRDA:200,21,1,0
BRDA:212,22,0,0
BRDA:212,22,1,0
BRDA:226,23,0,0
BRDA:226,23,1,0
BRF:43
BRH:0
end_of_record
